2017-11-21 13:42:12 test	456
2017-11-21 13:46:19 请求返回：	方案编号不存在
2017-11-21 15:10:50 test	456
2017-11-21 15:44:38 test	456
2017-11-21 15:44:43 test	456
2017-11-21 16:00:43 test	456
2017-11-21 16:00:44 test	456
2017-11-21 16:02:04 test	456
2017-11-21 16:02:16 test	456
2017-11-21 16:21:09 -------------start-------------	
2017-11-21 16:21:09 FTP上传开始	
2017-11-21 16:21:09 FTP上传成功	
2017-11-21 16:21:09 开始请求地址(get):	http://h5.thd99.com:9999/win/win.html?winno=2017112105192310023
2017-11-21 16:21:10 请求返回：	方案 hom附件上传失败！
2017-11-21 16:50:38 -------------start-------------	
2017-11-21 16:50:38 FTP上传开始	
2017-11-21 16:50:39 FTP上传成功	
2017-11-21 16:50:39 开始请求地址(get):	http://h5.thd99.com:9999/win/win.html?winno=2017112105192310025
2017-11-21 16:50:40 请求返回：	成功
2017-11-23 15:25:13 -------------start-------------	
2017-11-23 15:25:13 FTP上传开始	
2017-11-23 15:25:14 FTP上传成功	
2017-11-23 15:25:14 开始请求地址(get):	http://h5.thd99.com:9999/win/win.html?winno=2017112305192310003
2017-11-23 15:25:15 请求返回：	成功
2017-12-06 14:15:14 -------------start-------------	
2017-12-06 14:15:14 FTP上传开始	
2017-12-06 14:15:15 FTP上传成功	
2017-12-06 14:15:15 开始请求地址(get):	http://h5.thd99.com:9999/win/win.html?winno=2017120605192310000
2017-12-06 14:18:17 -------------start-------------	
2017-12-06 14:18:17 FTP上传开始	
2017-12-06 14:18:18 FTP上传成功	
2017-12-06 14:18:18 开始请求地址(get):	http://h5.thd99.com:9999/win/win.html?winno=2017120605192310001
2017-12-06 14:19:29 -------------start-------------	
2017-12-06 14:19:29 FTP上传开始	
2017-12-06 14:19:29 网络故障,等待续传：	[WinError 10054] 远程主机强迫关闭了一个现有的连接。
2017-12-06 14:38:43 -------------start-------------	
2017-12-06 14:38:43 FTP上传开始	
2017-12-06 14:38:44 FTP上传成功	
2017-12-06 14:38:44 开始请求地址(get):	http://h5.thd99.com:9999/win/win.html?winno=2017120605192310003
2017-12-06 14:40:29 -------------start-------------	
2017-12-06 14:40:29 FTP上传开始	
2017-12-06 14:40:30 FTP上传成功	
2017-12-06 14:40:30 开始请求地址(get):	http://h5.thd99.com:9999/win/win.html?winno=2017120605192310004
2017-12-06 14:40:31 请求返回：	成功
2017-12-06 14:40:54 -------------start-------------	
2017-12-06 14:40:54 FTP上传开始	
2017-12-06 14:40:54 网络故障,等待续传：	[WinError 10054] 远程主机强迫关闭了一个现有的连接。
2017-12-06 14:41:56 -------------start-------------	
2017-12-06 14:41:56 FTP上传开始	
2017-12-07 11:38:07 -------------start-------------	
2017-12-07 11:38:07 FTP上传开始	
2017-12-07 11:38:08 FTP上传成功	
2017-12-07 11:38:08 开始请求地址(get):	http://h5.thd99.com:9999/win/win.html?winno=2017120705192310000
2017-12-07 13:57:29 -------------start-------------	
2017-12-07 13:57:29 FTP上传开始	
2017-12-07 13:57:29 FTP上传成功	
2017-12-07 13:57:29 开始请求地址(get):	http://h5.thd99.com:9999/win/win.html?winno=2017120705192310002
2017-12-07 13:57:31 请求返回：	成功
2017-12-07 13:58:53 -------------start-------------	
2017-12-07 13:58:53 FTP上传开始	
2017-12-07 13:58:54 FTP上传成功	
2017-12-07 13:58:54 开始请求地址(get):	http://h5.thd99.com:9999/win/win.html?winno=2017120705192310003
2017-12-07 14:00:39 -------------start-------------	
2017-12-07 14:00:39 FTP上传开始	
2017-12-07 14:00:40 网络故障,等待续传：	[WinError 10054] 远程主机强迫关闭了一个现有的连接。
2017-12-07 14:01:41 -------------start-------------	
2017-12-07 14:01:41 FTP上传开始	
2017-12-07 14:10:40 FTP上传成功	
2017-12-07 14:10:40 开始请求地址(get):	http://h5.thd99.com:9999/win/win.html?winno=2017120705192310004
2017-12-07 14:10:41 请求返回：	成功
2017-12-08 08:56:45 -------------start-------------	
2017-12-08 08:56:45 FTP上传开始	
2017-12-08 08:56:46 FTP上传成功	
2017-12-08 08:56:46 开始请求地址(get):	http://h5.thd99.com:9999/win/win.html?winno=2017120805192310000
2017-12-08 09:01:39 -------------start-------------	
2017-12-08 09:01:39 FTP上传开始	
2017-12-08 09:01:40 FTP上传成功	
2017-12-08 09:01:40 开始请求地址(get):	http://h5.thd99.com:9999/win/win.html?winno=2017120805192310001
2017-12-18 19:26:50 -------------start-------------	
2017-12-18 19:26:50 FTP上传开始	
2017-12-18 19:26:51 FTP上传成功	
2017-12-18 19:26:51 开始请求地址(get):	http://h5.thd99.com:9999/win/win.html?winno=2017121805192310001
2017-12-18 19:26:52 请求返回：	成功
2017-12-21 10:36:21 -------------start-------------	
2017-12-21 10:36:21 FTP上传开始	
2017-12-21 10:36:21 FTP上传失败：	an integer is required (got type str)
2017-12-21 10:41:21 -------------start-------------	
2017-12-21 10:41:21 FTP上传开始	
2017-12-21 10:41:22 FTP上传成功	
2017-12-21 10:41:22 开始请求地址(get):	http://h5.thd99.com:9999/win/win.html?winno=2017122105192310003
2017-12-21 10:41:24 请求返回：	成功
2017-12-21 10:43:30 -------------start-------------	
2017-12-21 10:43:30 FTP上传开始	
2017-12-21 10:43:31 FTP上传成功	
2017-12-21 10:43:31 开始请求地址(get):	http://h5.thd99.com:9999/win/win.html?winno=2017122105192310004
2017-12-21 10:43:32 请求返回：	成功
2017-12-21 11:01:40 -------------start-------------	
2017-12-21 11:01:40 FTP上传开始	
2017-12-21 11:01:41 FTP上传成功	
2017-12-21 11:01:41 开始请求地址(get):	http://h5.thd99.com:9999/win/win.html?winno=2017122105192310005
2017-12-21 11:01:42 请求返回：	成功
2017-12-21 19:11:49 -------------start-------------	
2017-12-21 19:11:49 FTP上传开始	
2017-12-21 19:11:50 FTP上传成功	
2017-12-21 19:11:50 开始请求地址(get):	http://h5.thd99.com:9999/win/win.html?winno=2017122105192310031
2017-12-21 19:11:51 请求返回：	成功
2017-12-21 19:42:47 -------------start-------------	
2017-12-21 19:42:47 FTP上传开始	
2017-12-21 19:42:47 FTP上传成功	
2017-12-21 19:42:47 开始请求地址(get):	http://h5.thd99.com:9999/win/win.html?winno=2017122105192310034
2017-12-21 19:42:48 请求返回：	成功
2017-12-21 19:57:13 -------------start-------------	
2017-12-21 19:57:13 FTP上传开始	
2017-12-21 19:57:14 FTP上传成功	
2017-12-21 19:57:14 开始请求地址(get):	http://h5.thd99.com:9999/win/win.html?winno=2017122105192310037
2017-12-21 19:57:15 请求返回：	成功
2017-12-21 20:05:24 -------------start-------------	
2017-12-21 20:05:24 FTP上传开始	
2017-12-21 20:05:25 FTP上传成功	
2017-12-21 20:05:25 开始请求地址(get):	http://h5.thd99.com:9999/win/win.html?winno=2017122105192310038
2017-12-21 20:05:26 请求返回：	成功
2017-12-26 17:49:49 -------------start-------------	
2017-12-26 17:49:49 FTP上传开始	
2017-12-26 17:49:50 FTP上传成功	
2017-12-26 17:49:50 开始请求地址(get):	http://h5.thd99.com:9999/win/win.html?winno=2017122605192310002
2017-12-26 17:49:51 请求返回：	成功
2017-12-26 17:51:30 -------------start-------------	
2017-12-26 17:51:30 FTP上传开始	
2017-12-26 17:51:31 FTP上传成功	
2017-12-26 17:51:31 开始请求地址(get):	http://h5.thd99.com:9999/win/win.html?winno=2017122605192310002
2017-12-26 17:51:32 请求返回：	成功
2017-12-26 17:57:38 -------------start-------------	
2017-12-26 17:57:38 FTP上传开始	
2017-12-26 17:57:38 FTP上传成功	
2017-12-26 17:57:38 开始请求地址(get):	http://h5.thd99.com:9999/win/win.html?winno=2017122605192310002
2017-12-26 17:57:40 请求返回：	成功
2017-12-26 17:58:26 -------------start-------------	
2017-12-26 17:58:26 FTP上传开始	
2017-12-26 17:58:27 FTP上传成功	
2017-12-26 17:58:27 开始请求地址(get):	http://h5.thd99.com:9999/win/win.html?winno=2017122605192310002
2017-12-26 17:58:28 请求返回：	成功
2017-12-26 18:00:51 -------------start-------------	
2017-12-26 18:00:51 FTP上传开始	
2017-12-26 18:00:52 FTP上传成功	
2017-12-26 18:00:52 开始请求地址(get):	http://h5.thd99.com:9999/win/win.html?winno=2017122605192310002
2017-12-26 18:00:53 请求返回：	成功
2017-12-26 18:04:02 -------------start-------------	
2017-12-26 18:04:02 FTP上传开始	
2017-12-26 18:04:03 FTP上传成功	
2017-12-26 18:04:03 开始请求地址(get):	http://h5.thd99.com:9999/win/win.html?winno=2017122605192310002
2017-12-26 18:04:04 请求返回：	成功
2017-12-26 18:05:46 -------------start-------------	
2017-12-26 18:05:46 FTP上传开始	
2017-12-26 18:05:47 FTP上传成功	
2017-12-26 18:05:47 开始请求地址(get):	http://h5.thd99.com:9999/win/win.html?winno=2017122605192310002
2017-12-26 18:05:48 请求返回：	成功
2017-12-27 08:45:45 -------------start-------------	
2017-12-27 08:45:45 FTP上传开始	
2017-12-27 08:45:46 FTP上传成功	
2017-12-27 08:45:46 开始请求地址(get):	http://h5.thd99.com:9999/win/win.html?winno=2017122605192310002
2017-12-27 08:45:47 请求返回：	成功
2017-12-27 15:11:24 -------------start-------------	
2017-12-27 15:11:24 FTP上传开始	
2017-12-27 15:11:25 FTP上传成功	
2017-12-27 15:11:25 开始请求地址(get):	http://h5.thd99.com:9999/win/win.html?winno=2017122605192310002
2017-12-27 15:11:26 请求返回：	成功
2017-12-27 15:11:48 -------------start-------------	
2017-12-27 15:11:48 FTP上传开始	
2017-12-27 15:11:49 FTP上传成功	
2017-12-27 15:11:49 开始请求地址(get):	http://h5.thd99.com:9999/win/win.html?winno=2017122605192310002
2017-12-27 15:11:50 请求返回：	成功
2017-12-27 15:15:56 -------------start-------------	
2017-12-27 15:15:56 FTP上传开始	
2017-12-27 15:15:57 FTP上传成功	
2017-12-27 15:15:57 开始请求地址(get):	http://h5.thd99.com:9999/win/win.html?winno=2017122605192310002
2017-12-27 15:15:58 请求返回：	成功
2017-12-27 15:16:15 -------------start-------------	
2017-12-27 15:16:15 FTP上传开始	
2017-12-27 15:17:18 -------------start-------------	
2017-12-27 15:17:18 FTP上传开始	
2017-12-27 15:17:19 FTP上传成功	
2017-12-27 15:17:19 开始请求地址(get):	http://h5.thd99.com:9999/win/win.html?winno=2017122605192310002
2017-12-27 15:17:20 请求返回：	成功
2017-12-27 15:29:58 -------------start-------------	
2017-12-27 15:29:58 FTP上传开始	
2017-12-27 15:29:59 FTP上传成功	
2017-12-27 15:29:59 开始请求地址(get):	http://h5.thd99.com:9999/win/win.html?winno=2017122605192310002
2017-12-27 15:30:00 请求返回：	成功
2017-12-27 15:30:45 -------------start-------------	
2017-12-27 15:30:45 FTP上传开始	
2017-12-27 15:30:46 FTP上传成功	
2017-12-27 15:30:46 开始请求地址(get):	http://h5.thd99.com:9999/win/win.html?winno=2017122605192310002
2017-12-27 15:30:47 请求返回：	成功
2017-12-27 15:34:13 -------------start-------------	
2017-12-27 15:34:13 FTP上传开始	
2017-12-27 15:34:13 FTP上传成功	
2017-12-27 15:34:13 开始请求地址(get):	http://h5.thd99.com:9999/win/win.html?winno=2017122605192310002
2017-12-27 15:34:15 请求返回：	成功
2017-12-27 15:35:04 -------------start-------------	
2017-12-27 15:35:04 FTP上传开始	
2017-12-27 15:35:05 FTP上传成功	
2017-12-27 15:35:05 开始请求地址(get):	http://h5.thd99.com:9999/win/win.html?winno=2017122605192310002
2017-12-27 15:35:06 请求返回：	成功
2017-12-27 15:54:53 -------------start-------------	
2017-12-27 15:54:53 FTP上传开始	
2017-12-27 15:54:54 FTP上传成功	
2017-12-27 15:54:54 开始请求地址(get):	http://h5.thd99.com:9999/win/win.html?winno=2017122605192310002
2017-12-27 15:54:55 请求返回：	成功
2018-01-05 14:36:31 -------------start-------------	
2018-01-05 14:36:31 FTP上传开始	
2018-01-05 14:36:32 FTP上传成功	
2018-01-05 14:36:32 开始请求地址(get):	http://h5.thd99.com:9999/win/win.html?winno=2017122605192310002
2018-01-05 14:36:33 请求返回：	成功
2018-01-09 14:51:42 -------------start-------------	
2018-01-09 14:51:42 FTP上传开始	
2018-01-09 14:51:44 FTP上传成功	
2018-01-09 14:51:44 开始请求地址(get):	http://h5.thd99.com:9999/win/win.html?winno=2017122105192310040
2018-01-09 14:51:45 请求返回：	成功
2018-01-10 20:29:21 -------------start-------------	
2018-01-10 20:29:21 FTP上传开始	
2018-01-10 20:29:24 FTP上传成功	
2018-01-10 20:29:24 开始请求地址(get):	http://h5.thd99.com:9999/win/win.html?winno=2017122105192310040
2018-01-10 20:29:25 请求返回：	成功
2018-01-10 20:30:50 -------------start-------------	
2018-01-10 20:30:50 FTP上传开始	
2018-01-10 20:30:52 FTP上传成功	
2018-01-10 20:30:52 开始请求地址(get):	http://h5.thd99.com:9999/win/win.html?winno=2017122105192310040
2018-01-10 20:30:53 请求返回：	成功
2018-01-10 20:33:41 -------------start-------------	
2018-01-10 20:33:41 FTP上传开始	
2018-01-10 20:33:43 FTP上传成功	
2018-01-10 20:33:43 开始请求地址(get):	http://h5.thd99.com:9999/win/win.html?winno=2017122105192310040
2018-01-10 20:33:44 请求返回：	成功
2018-01-10 20:34:58 -------------start-------------	
2018-01-10 20:34:58 FTP上传开始	
2018-01-10 20:35:02 FTP上传成功	
2018-01-10 20:35:02 开始请求地址(get):	http://h5.thd99.com:9999/win/win.html?winno=2017122105192310040
2018-01-10 20:35:03 请求返回：	成功
2018-01-11 09:55:39 -------------start-------------	
2018-01-11 09:55:39 FTP上传开始	
2018-01-11 09:55:42 FTP上传成功	
2018-01-11 09:55:42 开始请求地址(get):	http://h5.thd99.com:9999/win/win.html?winno=2017122105192310039
2018-01-11 09:55:43 请求返回：	成功
2018-01-11 09:56:09 -------------start-------------	
2018-01-11 09:56:09 FTP上传开始	
2018-01-11 09:56:12 FTP上传成功	
2018-01-11 09:56:12 开始请求地址(get):	http://h5.thd99.com:9999/win/win.html?winno=2017122105192310039
2018-01-11 09:56:13 请求返回：	成功
2018-01-11 09:56:22 -------------start-------------	
2018-01-11 09:56:22 FTP上传开始	
2018-01-11 09:56:25 FTP上传成功	
2018-01-11 09:56:25 开始请求地址(get):	http://h5.thd99.com:9999/win/win.html?winno=2017122105192310039
2018-01-11 09:56:26 请求返回：	成功
2018-01-11 09:59:48 -------------start-------------	
2018-01-11 09:59:48 FTP上传开始	
2018-01-11 09:59:50 FTP上传成功	
2018-01-11 09:59:50 开始请求地址(get):	http://h5.thd99.com:9999/win/win.html?winno=2017122105192310039
2018-01-11 09:59:51 请求返回：	成功
2018-01-11 10:00:49 -------------start-------------	
2018-01-11 10:00:49 FTP上传开始	
2018-01-11 10:00:52 FTP上传成功	
2018-01-11 10:00:52 开始请求地址(get):	http://h5.thd99.com:9999/win/win.html?winno=2017122105192310039
2018-01-11 10:00:53 请求返回：	成功
2018-01-11 10:01:10 -------------start-------------	
2018-01-11 10:01:10 FTP上传开始	
2018-01-11 10:01:12 FTP上传成功	
2018-01-11 10:01:12 开始请求地址(get):	http://h5.thd99.com:9999/win/win.html?winno=2017122105192310039
2018-01-11 10:01:14 请求返回：	成功
2018-01-11 10:02:06 -------------start-------------	
2018-01-11 10:02:06 FTP上传开始	
2018-01-11 10:02:09 FTP上传成功	
2018-01-11 10:02:09 开始请求地址(get):	http://h5.thd99.com:9999/win/win.html?winno=2017122105192310039
2018-01-11 10:02:10 请求返回：	成功
2018-01-11 10:04:12 -------------start-------------	
2018-01-11 10:04:12 FTP上传开始	
2018-01-11 10:04:16 FTP上传成功	
2018-01-11 10:04:16 开始请求地址(get):	http://h5.thd99.com:9999/win/win.html?winno=2017122105192310039
2018-01-11 10:04:17 请求返回：	成功
2018-01-11 10:08:05 -------------start-------------	
2018-01-11 10:08:05 FTP上传开始	
2018-01-11 10:08:08 FTP上传成功	
2018-01-11 10:08:08 开始请求地址(get):	http://h5.thd99.com:9999/win/win.html?winno=2017122105192310039
2018-01-11 10:08:09 请求返回：	成功
2018-01-11 10:09:02 -------------start-------------	
2018-01-11 10:09:02 FTP上传开始	
2018-01-11 10:09:05 FTP上传成功	
2018-01-11 10:09:05 开始请求地址(get):	http://h5.thd99.com:9999/win/win.html?winno=2017122105192310039
2018-01-11 10:09:06 请求返回：	成功
2018-01-11 10:09:20 -------------start-------------	
2018-01-11 10:09:20 FTP上传开始	
2018-01-11 10:09:22 FTP上传成功	
2018-01-11 10:09:22 开始请求地址(get):	http://h5.thd99.com:9999/win/win.html?winno=2017122105192310039
2018-01-11 10:09:23 请求返回：	成功
2018-01-11 10:09:33 -------------start-------------	
2018-01-11 10:09:33 FTP上传开始	
2018-01-11 10:09:38 FTP上传成功	
2018-01-11 10:09:38 开始请求地址(get):	http://h5.thd99.com:9999/win/win.html?winno=2017122105192310039
2018-01-11 10:09:39 请求返回：	成功
2018-01-11 10:09:48 -------------start-------------	
2018-01-11 10:09:48 FTP上传开始	
2018-01-11 10:09:56 FTP上传成功	
2018-01-11 10:09:56 开始请求地址(get):	http://h5.thd99.com:9999/win/win.html?winno=2017122105192310039
2018-01-11 10:09:58 请求返回：	成功
2018-01-11 11:22:14 -------------start-------------	
2018-01-11 11:22:14 FTP上传开始	
2018-01-11 11:22:16 FTP上传成功	
2018-01-11 11:22:16 开始请求地址(get):	http://h5.thd99.com:9999/win/win.html?winno=2018011105192310022
2018-01-11 11:22:18 请求返回：	成功
2018-01-11 11:22:31 -------------start-------------	
2018-01-11 11:22:31 FTP上传开始	
2018-01-11 11:22:34 FTP上传成功	
2018-01-11 11:22:34 开始请求地址(get):	http://h5.thd99.com:9999/win/win.html?winno=2018011105192310022
2018-01-11 11:22:35 请求返回：	成功
2018-01-11 11:23:10 -------------start-------------	
2018-01-11 11:23:10 FTP上传开始	
2018-01-11 11:23:12 FTP上传成功	
2018-01-11 11:23:12 开始请求地址(get):	http://h5.thd99.com:9999/win/win.html?winno=2018011105192310022
2018-01-11 11:23:14 请求返回：	成功
2018-01-11 11:23:41 -------------start-------------	
2018-01-11 11:23:41 FTP上传开始	
2018-01-11 11:23:44 FTP上传成功	
2018-01-11 11:23:44 开始请求地址(get):	http://h5.thd99.com:9999/win/win.html?winno=2018011105192310022
2018-01-11 11:23:45 请求返回：	成功
2018-01-11 11:23:59 -------------start-------------	
2018-01-11 11:23:59 FTP上传开始	
2018-01-11 11:24:02 FTP上传成功	
2018-01-11 11:24:02 开始请求地址(get):	http://h5.thd99.com:9999/win/win.html?winno=2018011105192310022
2018-01-11 11:24:03 请求返回：	成功
2018-01-11 11:25:54 -------------start-------------	
2018-01-11 11:25:54 FTP上传开始	
2018-01-11 11:25:56 FTP上传成功	
2018-01-11 11:25:56 开始请求地址(get):	http://h5.thd99.com:9999/win/win.html?winno=2018011105192310022
2018-01-11 11:25:57 请求返回：	成功
2018-01-11 11:26:15 -------------start-------------	
2018-01-11 11:26:15 FTP上传开始	
2018-01-11 11:26:18 FTP上传成功	
2018-01-11 11:26:18 开始请求地址(get):	http://h5.thd99.com:9999/win/win.html?winno=2018011105192310022
2018-01-11 11:26:19 请求返回：	成功
2018-01-11 11:26:27 -------------start-------------	
2018-01-11 11:26:27 FTP上传开始	
2018-01-11 11:26:29 FTP上传成功	
2018-01-11 11:26:29 开始请求地址(get):	http://h5.thd99.com:9999/win/win.html?winno=2018011105192310022
2018-01-11 11:26:31 请求返回：	成功
2018-01-11 11:27:02 -------------start-------------	
2018-01-11 11:27:02 FTP上传开始	
2018-01-11 11:27:04 FTP上传成功	
2018-01-11 11:27:04 开始请求地址(get):	http://h5.thd99.com:9999/win/win.html?winno=2018011105192310022
2018-01-11 11:27:05 请求返回：	成功
2018-01-11 11:27:17 -------------start-------------	
2018-01-11 11:27:17 FTP上传开始	
2018-01-11 11:27:20 FTP上传成功	
2018-01-11 11:27:20 开始请求地址(get):	http://h5.thd99.com:9999/win/win.html?winno=2018011105192310022
2018-01-11 11:27:21 请求返回：	成功
2018-01-11 11:27:35 -------------start-------------	
2018-01-11 11:27:35 FTP上传开始	
2018-01-11 11:27:39 FTP上传成功	
2018-01-11 11:27:39 开始请求地址(get):	http://h5.thd99.com:9999/win/win.html?winno=2018011105192310022
2018-01-11 11:27:41 请求返回：	成功
2018-01-11 16:46:22 -------------start-------------	
2018-01-11 16:46:22 FTP上传开始	
2018-01-11 16:46:24 FTP上传成功	
2018-01-11 16:46:24 开始请求地址(get):	http://h5.thd99.com:9999/win/win.html?winno=2018011105192310039
2018-01-11 16:46:26 请求返回：	成功
2018-01-22 14:10:25 -------------start-------------	
2018-01-22 14:10:25 FTP上传开始	
2018-01-22 14:10:25 FTP上传失败：	float division by zero
