2017-11-13 16:35:37 --------start--------	
2017-11-13 16:35:37 FTP上传设计文件开始	
2017-11-13 16:35:37 FTP上传纹理文件开始	
2017-11-13 16:35:37 FTP上传成功	
2017-11-13 16:35:37 开始请求地址(get):	http://h5.thd99.com:9999/farm/win.html?winNo=201711090519231001936264
2017-11-13 16:35:38 请求返回：	成功
2017-11-17 14:54:23 --------start--------	
2017-11-17 14:54:23 FTP上传设计文件开始	
2017-11-17 14:54:23 FTP上传纹理文件开始	
2017-11-17 14:56:55 --------start--------	
2017-11-17 14:56:56 FTP上传设计文件开始	
2017-11-17 14:56:56 FTP上传纹理文件开始	
2017-11-17 14:58:14 --------start--------	
2017-11-17 14:58:14 FTP上传设计文件开始	
2017-11-17 14:58:14 FTP上传纹理文件开始	
2017-11-17 14:59:10 --------start--------	
2017-11-17 14:59:10 FTP上传设计文件开始	
2017-11-17 14:59:10 FTP上传纹理文件开始	
2017-11-17 15:00:49 --------start--------	
2017-11-17 15:00:49 FTP上传设计文件开始	
2017-11-17 15:00:49 FTP上传纹理文件开始	
2017-11-17 15:01:31 --------start--------	
2017-11-17 15:01:31 FTP上传设计文件开始	
2017-11-17 15:01:32 FTP上传纹理文件开始	
2017-11-17 15:01:46 FTP上传成功	
2017-11-17 15:01:46 开始请求地址(get):	http://h5.thd99.com:9999/farm/win.html?winNo=201711140519231001595119
2017-11-17 15:01:46 请求返回：	成功
2017-11-17 15:11:45 --------start--------	
2017-11-17 15:11:45 FTP上传设计文件开始	
2017-11-17 15:11:45 FTP上传纹理文件开始	
2017-11-17 15:14:01 --------start--------	
2017-11-17 15:14:02 FTP上传设计文件开始	
2017-11-17 15:14:02 FTP上传纹理文件开始	
2017-11-17 15:14:15 FTP上传成功	
2017-11-17 15:14:15 开始请求地址(get):	http://h5.thd99.com:9999/farm/win.html?winNo=201711140519231001599457
2017-11-17 15:14:16 请求返回：	成功
2017-11-17 15:15:13 --------start--------	
2017-11-17 15:15:14 FTP上传设计文件开始	
2017-11-17 15:15:14 FTP上传纹理文件开始	
2017-11-17 15:15:28 FTP上传成功	
2017-11-17 15:15:28 开始请求地址(get):	http://h5.thd99.com:9999/farm/win.html?winNo=201711140519231001555726
2017-11-17 15:15:28 请求返回：	成功
2017-11-17 15:23:10 --------start--------	
2017-11-17 15:23:10 FTP上传设计文件开始	
2017-11-17 15:23:10 FTP上传纹理文件开始	
2017-11-17 15:23:24 FTP上传成功	
2017-11-17 15:23:24 开始请求地址(get):	http://h5.thd99.com:9999/farm/win.html?winNo=201711140519231001519437
2017-11-17 15:23:24 请求返回：	成功
2017-11-17 15:24:29 --------start--------	
2017-11-17 15:24:29 FTP上传设计文件开始	
2017-11-17 15:24:30 FTP上传纹理文件开始	
2017-11-17 15:24:44 FTP上传成功	
2017-11-17 15:24:44 开始请求地址(get):	http://h5.thd99.com:9999/farm/win.html?winNo=201711140519231001550139
2017-11-17 15:24:44 请求返回：	成功
2017-11-17 15:26:10 --------start--------	
2017-11-17 15:26:37 --------start--------	
2017-11-17 15:28:05 --------start--------	
2017-11-17 15:39:36 --------start--------	
2017-11-17 15:39:37 FTP上传设计文件开始	
2017-11-17 15:39:37 FTP上传纹理文件开始	
2017-11-17 15:39:51 FTP上传成功	
2017-11-17 15:39:51 开始请求地址(get):	http://h5.thd99.com:9999/farm/win.html?winNo=201711140519231001596490
2017-11-17 15:39:51 请求返回：	成功
2017-11-17 15:40:56 --------start--------	
2017-11-17 15:41:00 FTP上传设计文件开始	
2017-11-17 15:41:00 FTP上传纹理文件开始	
2017-11-17 15:41:14 FTP上传成功	
2017-11-17 15:41:14 开始请求地址(get):	http://h5.thd99.com:9999/farm/win.html?winNo=201711140519231001521918
2017-11-17 15:41:14 请求返回：	成功
2017-11-17 16:51:46 --------start--------	
2017-11-17 16:51:46 FTP上传设计文件开始	
2017-11-17 16:51:46 FTP上传纹理文件开始	
2017-11-17 16:52:00 FTP上传成功	
2017-11-17 16:52:00 开始请求地址(get):	http://h5.thd99.com:9999/farm/win.html?winNo=201711140519231001527649
2017-11-17 16:52:00 请求返回：	成功
2017-11-17 16:54:23 --------start--------	
2017-11-17 16:54:23 FTP上传设计文件开始	
2017-11-17 16:54:24 FTP上传纹理文件开始	
2017-11-17 16:54:38 FTP上传成功	
2017-11-17 16:54:38 开始请求地址(get):	http://h5.thd99.com:9999/farm/win.html?winNo=201711140519231001556385
2017-11-17 16:54:38 请求返回：	成功
2017-11-17 16:57:52 --------start--------	
2017-11-17 16:57:52 FTP上传设计文件开始	
2017-11-17 16:57:52 FTP上传纹理文件开始	
2017-11-17 16:58:06 FTP上传成功	
2017-11-17 16:58:06 开始请求地址(get):	http://h5.thd99.com:9999/farm/win.html?winNo=201711140519231001596357
2017-11-17 16:58:06 请求返回：	成功
2017-11-20 14:45:53 --------start--------	
2017-11-20 14:45:53 FTP上传设计文件开始	
2017-11-20 14:45:53 FTP上传纹理文件开始	
2017-11-20 14:46:07 FTP上传成功	
2017-11-20 14:46:07 开始请求地址(get):	http://h5.thd99.com:9999/farm/win.html?winNo=201711170519231000355215
2017-11-20 14:46:07 请求返回：	成功
2017-11-20 15:13:21 FTP上传开始	
2017-11-20 15:13:22 FTP上传成功	
2017-11-20 15:13:22 开始请求地址(get):	http://h5.thd99.com:9999/win/win.html?winno=0
2017-11-20 15:13:22 请求返回：	成功
2017-11-20 15:13:27 FTP上传开始	
2017-11-20 15:13:28 FTP上传成功	
2017-11-20 15:13:28 开始请求地址(get):	http://h5.thd99.com:9999/win/win.html?winno=0
2017-11-20 15:13:28 请求返回：	成功
2017-11-20 15:13:38 FTP上传开始	
2017-11-20 15:13:38 FTP上传成功	
2017-11-20 15:13:38 开始请求地址(get):	http://h5.thd99.com:9999/unit/back.html?unit_no=0
2017-11-20 15:13:38 请求返回：	成功
2017-11-20 15:14:03 FTP上传开始	
2017-11-20 15:14:03 FTP上传成功	
2017-11-20 15:14:03 开始请求地址(get):	http://h5.thd99.com:9999/unit/back.html?unit_no=0
2017-11-20 15:14:04 请求返回：	成功
2017-11-20 15:15:14 FTP上传开始	
2017-11-20 15:15:14 FTP上传成功	
2017-11-20 15:15:14 开始请求地址(get):	http://h5.thd99.com:9999/unit/back.html?unit_no=0
2017-11-20 15:15:14 请求返回：	成功
2017-11-20 15:29:23 FTP上传开始	
2017-11-20 15:29:23 FTP上传成功	
2017-11-20 15:29:23 开始请求地址(get):	http://h5.thd99.com:9999/unit/back.html?unit_no=0
2017-11-20 15:29:24 请求返回：	成功
2017-11-20 15:29:32 FTP上传开始	
2017-11-20 15:29:33 FTP上传成功	
2017-11-20 15:29:33 开始请求地址(get):	http://h5.thd99.com:9999/win/win.html?winno=0
2017-11-20 15:29:33 请求返回：	成功
2017-11-20 16:00:32 FTP上传开始	
2017-11-20 16:00:32 FTP上传成功	
2017-11-20 16:00:32 开始请求地址(get):	http://h5.thd99.com:9999/unit/back.html?unit_no=0
2017-11-20 16:00:33 请求返回：	成功
2017-11-20 16:13:20 FTP上传开始	
2017-11-20 16:13:20 FTP上传成功	
2017-11-20 16:13:20 开始请求地址(get):	http://h5.thd99.com:9999/win/win.html?winno=0
2017-11-20 16:13:20 请求返回：	成功
2017-11-20 17:19:39 FTP上传开始	
2017-11-20 17:19:40 FTP上传成功	
2017-11-20 17:19:40 开始请求地址(get):	http://h5.thd99.com:9999/win/win.html?winno=0
2017-11-20 17:19:40 请求返回：	成功
2017-11-20 17:19:45 FTP上传开始	
2017-11-20 17:19:46 FTP上传成功	
2017-11-20 17:19:46 开始请求地址(get):	http://h5.thd99.com:9999/win/win.html?winno=0
2017-11-20 17:19:46 请求返回：	成功
2017-11-20 17:19:53 FTP上传开始	
2017-11-20 17:19:54 FTP上传成功	
2017-11-20 17:19:54 开始请求地址(get):	http://h5.thd99.com:9999/win/win.html?winno=0
2017-11-20 17:19:54 请求返回：	成功
2017-11-20 17:22:37 --------start--------	
2017-11-20 17:22:37 FTP上传开始	
2017-11-20 17:22:38 FTP上传成功	
2017-11-20 17:22:38 开始请求地址(get):	http://h5.thd99.com:9999/win/win.html?winno=2017112005192310015
2017-11-20 17:22:38 请求返回：	方案编号不存在
2017-11-20 17:23:14 --------start--------	
2017-11-20 17:23:14 FTP上传开始	
2017-11-20 17:23:15 FTP上传成功	
2017-11-20 17:23:15 开始请求地址(get):	http://h5.thd99.com:9999/win/win.html?winno=2017112005192310016
2017-11-20 17:23:15 请求返回：	方案编号不存在
2017-11-20 17:24:32 --------start--------	
2017-11-20 17:24:33 FTP上传开始	
2017-11-20 17:24:34 FTP上传成功	
2017-11-20 17:24:34 开始请求地址(get):	http://h5.thd99.com:9999/win/win.html?winno=2017112005192310017
2017-11-20 17:24:34 请求返回：	方案编号不存在
2017-11-20 17:44:38 --------start--------	
2017-11-20 17:44:40 --------start--------	
2017-11-20 17:44:42 --------start--------	
2017-11-20 17:44:42 --------start--------	
2017-11-20 17:44:42 --------start--------	
2017-11-20 17:44:42 --------start--------	
2017-11-20 17:44:42 --------start--------	
2017-11-20 17:44:43 --------start--------	
2017-11-20 17:44:50 --------start--------	
2017-11-20 17:44:50 --------start--------	
2017-11-20 17:44:51 --------start--------	
2017-11-20 17:44:51 --------start--------	
2017-11-20 17:44:51 --------start--------	
2017-11-20 18:08:53 --------start--------	
2017-11-20 18:08:53 FTP上传开始	
2017-11-20 18:08:53 FTP上传成功	
2017-11-20 18:08:53 开始请求地址(get):	http://h5.thd99.com:9999/win/win.html?winno=2017112005192310035
2017-11-20 18:08:53 请求返回：	方案编号不存在
2017-11-20 18:10:28 --------start--------	
2017-11-20 18:10:29 FTP上传设计文件开始	
2017-11-20 18:10:29 FTP上传失败：	[Errno 2] No such file or directory: 'test.ess'
2017-11-20 18:11:19 --------start--------	
2017-11-20 18:11:19 FTP上传开始	
2017-11-20 18:11:19 FTP上传成功	
2017-11-20 18:11:19 开始请求地址(get):	http://h5.thd99.com:9999/unit/back.html?unit_no=2017010305192210037
2017-11-20 18:11:19 请求返回：	方案编号不存在
2017-11-20 18:11:42 --------start--------	
2017-11-20 18:11:42 FTP上传设计文件开始	
2017-11-20 18:11:42 FTP上传失败：	[Errno 2] No such file or directory: 'test.ess'
2017-11-21 09:32:46 --------start--------	
2017-11-21 09:32:46 FTP上传开始	
2017-11-21 09:32:47 FTP上传成功	
2017-11-21 09:32:47 开始请求地址(get):	http://h5.thd99.com:9999/unit/back.html?unit_no=2017010305192210037
2017-11-21 09:32:47 请求返回：	方案编号不存在
2017-11-21 09:33:18 --------start--------	
2017-11-21 09:33:18 FTP上传开始	
2017-11-21 09:33:18 FTP上传成功	
2017-11-21 09:33:18 开始请求地址(get):	http://h5.thd99.com:9999/win/win.html?winno=2017112105192310000
2017-11-21 09:33:19 请求返回：	方案编号不存在
2017-11-21 09:33:39 --------start--------	
2017-11-21 09:33:40 FTP上传设计文件开始	
2017-11-21 09:33:40 FTP上传失败：	[Errno 2] No such file or directory: 'test.ess'
2017-11-21 09:40:42 --------start--------	
2017-11-21 09:40:42 FTP上传设计文件开始	
2017-11-21 09:40:43 FTP上传失败：	[Errno 2] No such file or directory: 'test.ess'
2017-11-21 09:52:55 --------start--------	
2017-11-21 09:52:55 FTP上传设计文件开始	
2017-11-21 09:52:56 FTP上传失败：	[Errno 2] No such file or directory: 'test.ess'
2017-11-21 09:57:51 --------start--------	
2017-11-21 09:57:51 FTP上传设计文件开始	
2017-11-21 09:57:51 FTP上传失败：	[Errno 2] No such file or directory: 'test.ess'
2017-11-21 09:58:55 --------start--------	
2017-11-21 09:58:56 FTP上传设计文件开始	
2017-11-21 09:58:56 FTP上传纹理文件开始	
2017-11-21 09:58:57 FTP上传成功	
2017-11-21 09:58:57 开始请求地址(get):	http://h5.thd99.com:9999/farm/win.html?winNo=201711210519231000068851
2017-11-21 09:58:57 请求返回：	成功
2017-11-21 09:59:43 --------start--------	
2017-11-21 09:59:43 FTP上传设计文件开始	
2017-11-21 09:59:43 FTP上传纹理文件开始	
2017-11-21 10:00:16 --------start--------	
2017-11-21 10:00:16 FTP上传设计文件开始	
2017-11-21 10:00:16 FTP上传纹理文件开始	
2017-11-21 10:47:23 --------start--------	
2017-11-21 10:47:24 FTP上传开始	
2017-11-21 10:47:24 FTP上传成功	
2017-11-21 10:47:24 开始请求地址(get):	http://h5.thd99.com:9999/win/win.html?winno=2017112105192310004
2017-11-21 10:47:24 请求返回：	方案编号不存在
2017-11-21 13:42:12 test	456
2017-11-21 13:46:56 请求返回：	方案编号不存在
2017-11-21 14:01:05 --------start--------	
2017-11-21 14:01:05 FTP上传设计文件开始	
2017-11-21 14:01:06 FTP上传纹理文件开始	
2017-11-21 14:01:06 FTP上传成功	
2017-11-21 14:01:06 开始请求地址(get):	http://h5.thd99.com:9999/farm/win.html?winNo=201711210519231000469558
2017-11-21 14:01:07 请求返回：	成功
2017-11-21 14:48:48 --------start--------	
2017-11-21 14:48:48 FTP上传开始	
2017-11-21 14:48:48 FTP上传成功	
2017-11-21 14:48:48 开始请求地址(get):	http://h5.thd99.com:9999/unit/back.html?unit_no=2017010305192210037
2017-11-21 14:48:48 请求返回：	方案编号不存在
2017-11-21 15:10:50 test	456
2017-11-21 15:38:41 --------start--------	
2017-11-21 15:38:41 FTP上传开始	
2017-11-21 15:38:42 FTP上传成功	
2017-11-21 15:38:42 开始请求地址(get):	http://h5.thd99.com:9999/win/win.html?winno=2017112105192310018
2017-11-21 15:38:42 请求返回：	方案编号不存在
2017-11-21 15:42:41 --------start--------	
2017-11-21 15:42:41 FTP上传开始	
2017-11-21 15:42:42 FTP上传成功	
2017-11-21 15:42:42 开始请求地址(get):	http://h5.thd99.com:9999/win/win.html?winno=2017112105192310019
2017-11-21 15:42:42 请求返回：	方案编号不存在
2017-11-21 15:44:38 test	456
2017-11-21 15:44:43 test	456
2017-11-21 15:46:33 --------start--------	
2017-11-21 15:46:33 FTP上传开始	
2017-11-21 15:46:34 FTP上传成功	
2017-11-21 15:46:34 开始请求地址(get):	http://h5.thd99.com:9999/win/win.html?winno=2017112105192310020
2017-11-21 15:46:34 请求返回：	方案编号不存在
2017-11-21 16:00:43 test	456
2017-11-21 16:00:44 test	456
2017-11-21 16:02:04 test	456
2017-11-21 16:02:16 test	456
2017-11-21 16:21:44 -------------start-------------	
2017-11-21 16:21:44 FTP上传设计文件开始	
2017-11-21 16:21:44 FTP上传失败：	[Errno 2] No such file or directory: 'test.ess'
2017-11-21 16:49:02 -------------start-------------	
2017-11-21 16:49:02 FTP上传设计文件开始	
2017-11-21 16:49:02 FTP上传纹理文件开始	
2017-11-21 16:49:16 FTP上传成功	
2017-11-21 16:49:16 开始请求地址(get):	http://h5.thd99.com:9999/farm/win.html?winNo=201711210519231002467414
2017-11-21 16:49:16 请求返回：	成功
2017-11-22 13:35:02 -------------start-------------	
2017-11-22 13:35:02 FTP上传设计文件开始	
2017-11-22 13:35:03 FTP上传纹理文件开始	
2017-11-22 13:35:03 FTP上传成功	
2017-11-22 13:35:03 开始请求地址(get):	http://h5.thd99.com:9999/farm/win.html?winNo=201711220519231000419926
2017-11-22 13:35:04 请求返回：	成功
2017-11-22 13:47:02 -------------start-------------	
2017-11-22 13:47:02 FTP上传设计文件开始	
2017-11-22 13:47:03 FTP上传纹理文件开始	
2017-11-22 13:47:03 FTP上传成功	
2017-11-22 13:47:03 开始请求地址(get):	http://h5.thd99.com:9999/farm/win.html?winNo=201711220519231000425312
2017-11-22 13:47:03 请求返回：	成功
2017-11-22 14:12:15 -------------start-------------	
2017-11-22 14:12:15 FTP上传设计文件开始	
2017-11-22 14:12:15 FTP上传失败：	[Errno 2] No such file or directory: 'test.ess'
2017-11-23 15:30:39 -------------start-------------	
2017-11-23 15:30:39 FTP上传设计文件开始	
2017-11-23 15:30:43 FTP上传失败：	[WinError 10054] 远程主机强迫关闭了一个现有的连接。
2017-11-23 15:51:09 -------------start-------------	
2017-11-23 15:51:09 FTP上传设计文件开始	
2017-11-23 15:51:15 FTP上传失败：	[WinError 10054] 远程主机强迫关闭了一个现有的连接。
2017-11-23 16:47:16 -------------start-------------	
2017-11-23 16:47:16 FTP上传设计文件开始	
2017-11-23 16:47:33 FTP上传纹理文件开始	
2017-11-23 16:47:34 FTP上传失败：	[WinError 10054] 远程主机强迫关闭了一个现有的连接。
2017-11-24 09:52:18 -------------start-------------	
2017-11-24 09:52:18 FTP上传设计文件开始	
2017-11-24 09:52:22 FTP上传失败：	[WinError 10054] 远程主机强迫关闭了一个现有的连接。
2017-11-24 09:56:06 -------------start-------------	
2017-11-24 09:56:06 FTP上传纹理文件开始	
2017-11-24 09:56:07 FTP上传成功	
2017-11-24 09:56:07 开始请求地址(get):	http://h5.thd99.com:9999/farm/win.html?winNo=201711230519231000395116
2017-11-24 09:56:07 请求返回：	成功
2017-11-24 09:56:31 -------------start-------------	
2017-11-24 09:56:31 FTP上传纹理文件开始	
2017-11-24 09:56:31 FTP上传成功	
2017-11-24 09:56:31 开始请求地址(get):	http://h5.thd99.com:9999/farm/win.html?winNo=201711230519231000388688
2017-11-24 09:56:32 请求返回：	成功
2017-11-24 10:20:17 -------------start-------------	
2017-11-24 10:20:17 FTP上传纹理文件开始	
2017-11-24 10:20:19 FTP上传成功	
2017-11-24 10:20:19 开始请求地址(get):	http://h5.thd99.com:9999/farm/win.html?winNo=201711230519231000381538
2017-11-24 10:20:19 请求返回：	成功
2017-11-24 10:41:32 -------------start-------------	
2017-11-24 10:41:32 FTP上传设计文件开始	
2017-11-24 10:41:35 FTP上传失败：	[WinError 10054] 远程主机强迫关闭了一个现有的连接。
2017-11-24 11:35:22 -------------start-------------	
2017-11-24 11:35:22 FTP上传设计文件开始	
2017-11-24 11:35:26 FTP上传失败：	[WinError 10054] 远程主机强迫关闭了一个现有的连接。
2017-11-24 11:39:07 -------------start-------------	
2017-11-24 11:39:07 FTP上传设计文件开始	
2017-11-24 11:39:07 FTP上传失败：	[Errno 11004] getaddrinfo failed
2017-11-24 15:51:16 -------------start-------------	
2017-11-24 15:51:16 FTP上传设计文件开始	
2017-11-24 15:51:19 网络故障,等待续传：	[WinError 10054] 远程主机强迫关闭了一个现有的连接。
2017-11-24 15:55:38 -------------start-------------	
2017-11-24 15:55:38 FTP上传设计文件开始	
2017-11-24 15:55:43 网络故障,等待续传：	[WinError 10054] 远程主机强迫关闭了一个现有的连接。
2017-11-24 16:53:18 -------------start-------------	
2017-11-24 16:53:18 FTP上传设计文件开始	
2017-11-24 16:53:21 网络故障,等待续传：	[WinError 10054] 远程主机强迫关闭了一个现有的连接。
2017-11-24 17:05:59 -------------start-------------	
2017-11-24 17:05:59 FTP上传设计文件开始	
2017-11-24 17:06:07 网络故障,等待续传：	[WinError 10054] 远程主机强迫关闭了一个现有的连接。
2017-11-24 17:06:59 -------------start-------------	
2017-11-24 17:06:59 FTP上传设计文件开始	
2017-11-24 17:07:16 FTP上传纹理文件开始	
2017-11-24 17:07:19 FTP上传成功	
2017-11-24 17:07:19 开始请求地址(get):	http://h5.thd99.com:9999/farm/win.html?winNo=201711230519231000321187
2017-11-24 17:07:19 请求返回：	成功
2017-11-24 17:07:35 -------------start-------------	
2017-11-24 17:07:35 FTP上传设计文件开始	
2017-11-24 17:07:38 网络故障,等待续传：	[WinError 10054] 远程主机强迫关闭了一个现有的连接。
2017-11-24 17:10:46 -------------start-------------	
2017-11-24 17:10:46 FTP上传设计文件开始	
2017-11-24 17:10:51 网络故障,等待续传：	[WinError 10054] 远程主机强迫关闭了一个现有的连接。
2017-11-24 17:12:25 -------------start-------------	
2017-11-24 17:12:25 FTP上传设计文件开始	
2017-11-24 17:12:28 网络故障,等待续传：	[WinError 10054] 远程主机强迫关闭了一个现有的连接。
2017-11-24 17:14:41 -------------start-------------	
2017-11-24 17:14:41 FTP上传设计文件开始	
2017-11-24 17:14:45 网络故障,等待续传：	[WinError 10054] 远程主机强迫关闭了一个现有的连接。
2017-11-24 17:37:40 -------------start-------------	
2017-11-24 17:37:40 FTP上传设计文件开始	
2017-11-24 17:37:44 网络故障,等待续传：	[WinError 10054] 远程主机强迫关闭了一个现有的连接。
2017-11-24 17:39:54 -------------start-------------	
2017-11-24 17:39:54 FTP上传设计文件开始	
2017-11-24 17:39:58 网络故障,等待续传：	[WinError 10054] 远程主机强迫关闭了一个现有的连接。
2017-11-24 17:41:00 -------------start-------------	
2017-11-24 17:41:00 FTP上传设计文件开始	
2017-11-24 17:43:34 -------------start-------------	
2017-11-24 17:43:34 FTP上传设计文件开始	
2017-11-24 17:43:52 FTP上传纹理文件开始	
2017-11-24 17:43:54 FTP上传成功	
2017-11-24 17:43:54 开始请求地址(get):	http://h5.thd99.com:9999/farm/win.html?winNo=201711230519231000328913
2017-11-24 17:43:54 请求返回：	成功
2017-11-24 17:44:11 -------------start-------------	
2017-11-24 17:44:11 FTP上传设计文件开始	
2017-11-24 17:44:14 网络故障,等待续传：	[WinError 10054] 远程主机强迫关闭了一个现有的连接。
2017-11-24 17:44:36 -------------start-------------	
2017-11-24 17:44:36 FTP上传设计文件开始	
2017-11-24 17:44:53 FTP上传纹理文件开始	
2017-11-24 17:44:54 FTP上传成功	
2017-11-24 17:44:54 开始请求地址(get):	http://h5.thd99.com:9999/farm/win.html?winNo=201711230519231000329563
2017-11-24 17:44:54 请求返回：	成功
2017-11-24 17:50:37 -------------start-------------	
2017-11-24 17:50:37 FTP上传设计文件开始	
2017-11-24 17:50:40 网络故障,等待续传：	[WinError 10054] 远程主机强迫关闭了一个现有的连接。
2017-11-24 17:51:00 -------------start-------------	
2017-11-24 17:51:00 FTP上传设计文件开始	
2017-11-24 17:51:17 FTP上传纹理文件开始	
2017-11-24 17:51:19 FTP上传成功	
2017-11-24 17:51:19 开始请求地址(get):	http://h5.thd99.com:9999/farm/win.html?winNo=201711230519231000355875
2017-11-24 17:51:20 请求返回：	成功
2017-11-30 16:21:16 -------------start-------------	
2017-11-30 16:21:16 FTP上传设计文件开始	
2017-11-30 16:21:32 FTP上传纹理文件开始	
2017-11-30 16:21:32 FTP上传成功	
2017-11-30 16:21:32 开始请求地址(get):	http://h5.thd99.com:9999/farm/win.html?winNo=201711220519231001949801
2017-11-30 16:21:32 请求返回：	成功
2017-11-30 16:25:12 -------------start-------------	
2017-11-30 16:25:12 FTP上传设计文件开始	
2017-11-30 16:25:29 FTP上传纹理文件开始	
2017-11-30 16:25:29 FTP上传成功	
2017-11-30 16:25:29 开始请求地址(get):	http://h5.thd99.com:9999/farm/win.html?winNo=201711220519231001932029
2017-11-30 16:25:29 请求返回：	成功
2017-11-30 16:26:05 -------------start-------------	
2017-11-30 16:26:05 FTP上传设计文件开始	
2017-11-30 16:26:21 FTP上传纹理文件开始	
2017-11-30 16:26:21 FTP上传成功	
2017-11-30 16:26:21 开始请求地址(get):	http://h5.thd99.com:9999/farm/win.html?winNo=201711220519231001918217
2017-11-30 16:26:22 请求返回：	成功
2017-11-30 16:30:05 -------------start-------------	
2017-11-30 16:30:05 FTP上传设计文件开始	
2017-11-30 16:30:09 网络故障,等待续传：	[WinError 10054] 远程主机强迫关闭了一个现有的连接。
2017-11-30 16:30:31 -------------start-------------	
2017-11-30 16:30:31 FTP上传设计文件开始	
2017-11-30 16:40:20 FTP上传纹理文件开始	
2017-11-30 16:40:20 FTP上传成功	
2017-11-30 16:40:20 开始请求地址(get):	http://h5.thd99.com:9999/farm/win.html?winNo=201711230519231000358537
2017-11-30 16:40:21 请求返回：	成功
2017-11-30 17:09:48 -------------start-------------	
2017-11-30 17:09:48 FTP上传设计文件开始	
2017-11-30 17:09:52 网络故障,等待续传：	[WinError 10054] 远程主机强迫关闭了一个现有的连接。
2017-11-30 17:24:58 -------------start-------------	
2017-11-30 17:24:58 FTP上传设计文件开始	
2017-11-30 17:25:03 网络故障,等待续传：	[WinError 10054] 远程主机强迫关闭了一个现有的连接。
2017-11-30 17:28:09 -------------start-------------	
2017-11-30 17:28:09 FTP上传设计文件开始	
2017-11-30 17:28:13 网络故障,等待续传：	[WinError 10054] 远程主机强迫关闭了一个现有的连接。
2017-12-04 11:47:27 -------------start-------------	
2017-12-04 11:47:27 FTP上传设计文件开始	
2017-12-04 11:47:39 网络故障,等待续传：	[WinError 10054] 远程主机强迫关闭了一个现有的连接。
2017-12-04 11:49:27 -------------start-------------	
2017-12-04 11:49:27 FTP上传设计文件开始	
2017-12-04 11:49:44 FTP上传纹理文件开始	
2017-12-04 11:49:44 FTP上传成功	
2017-12-04 11:49:44 开始请求地址(get):	http://h5.thd99.com:9999/farm/win.html?winNo=201711230519231000395618
2017-12-04 11:49:44 请求返回：	成功
2017-12-04 11:50:37 -------------start-------------	
2017-12-04 11:50:37 FTP上传设计文件开始	
2017-12-04 11:50:43 网络故障,等待续传：	[WinError 10054] 远程主机强迫关闭了一个现有的连接。
2017-12-04 13:31:24 -------------start-------------	
2017-12-04 13:31:24 FTP上传设计文件开始	
2017-12-04 13:31:40 网络故障,等待续传：	[WinError 10054] 远程主机强迫关闭了一个现有的连接。
2017-12-04 13:32:42 -------------start-------------	
2017-12-04 13:32:42 FTP上传设计文件开始	
2017-12-04 13:34:13 -------------start-------------	
2017-12-04 13:34:13 FTP上传设计文件开始	
2017-12-04 13:34:30 FTP上传纹理文件开始	
2017-12-04 13:34:31 FTP上传成功	
2017-12-04 13:34:31 开始请求地址(get):	http://h5.thd99.com:9999/farm/win.html?winNo=201711220519231002078177
2017-12-04 13:34:31 请求返回：	成功
2017-12-04 13:47:38 -------------start-------------	
2017-12-04 13:47:38 FTP上传设计文件开始	
2017-12-04 13:47:42 网络故障,等待续传：	[WinError 10054] 远程主机强迫关闭了一个现有的连接。
2017-12-04 13:48:14 -------------start-------------	
2017-12-04 13:48:14 FTP上传设计文件开始	
2017-12-04 13:57:56 FTP上传纹理文件开始	
2017-12-04 13:57:56 FTP上传成功	
2017-12-04 13:57:56 开始请求地址(get):	http://h5.thd99.com:9999/farm/win.html?winNo=201711230519231000357908
2017-12-04 13:57:56 请求返回：	成功
2017-12-04 14:16:03 -------------start-------------	
2017-12-04 14:16:03 FTP上传设计文件开始	
2017-12-04 14:16:06 网络故障,等待续传：	[WinError 10054] 远程主机强迫关闭了一个现有的连接。
2017-12-04 14:17:57 -------------start-------------	
2017-12-04 14:17:57 FTP上传设计文件开始	
2017-12-04 14:18:15 FTP上传纹理文件开始	
2017-12-04 14:18:15 FTP上传成功	
2017-12-04 14:18:15 开始请求地址(get):	http://h5.thd99.com:9999/farm/win.html?winNo=201711230519231000395239
2017-12-04 14:18:15 请求返回：	成功
2017-12-04 15:09:44 -------------start-------------	
2017-12-04 15:09:44 FTP上传设计文件开始	
2017-12-04 15:09:44 FTP上传失败：	ftpuploadess() missing 1 required positional argument: 'reload'
2017-12-04 15:21:48 -------------start-------------	
2017-12-04 15:21:48 FTP上传设计文件开始	
2017-12-04 15:21:52 网络故障,等待续传：	[WinError 10054] 远程主机强迫关闭了一个现有的连接。
2017-12-04 15:25:55 -------------start-------------	
2017-12-04 15:25:55 FTP上传设计文件开始	
2017-12-04 15:32:04 FTP上传纹理文件开始	
2017-12-04 15:32:04 FTP上传成功	
2017-12-04 15:32:04 开始请求地址(get):	http://h5.thd99.com:9999/farm/win.html?winNo=201711230519231000372263
2017-12-04 15:32:04 请求返回：	成功
2017-12-04 16:32:15 -------------start-------------	
2017-12-04 16:32:15 FTP上传设计文件开始	
2017-12-04 16:32:31 FTP上传纹理文件开始	
2017-12-04 16:32:32 FTP上传成功	
2017-12-04 16:32:32 开始请求地址(get):	http://h5.thd99.com:9999/farm/win.html?winNo=201711230519231000376101
2017-12-04 16:32:32 请求返回：	成功
2017-12-04 16:32:55 -------------start-------------	
2017-12-04 16:32:55 FTP上传设计文件开始	
2017-12-04 16:32:58 网络故障,等待续传：	[WinError 10054] 远程主机强迫关闭了一个现有的连接。
2017-12-04 16:35:01 -------------start-------------	
2017-12-04 16:35:01 FTP上传设计文件开始	
2017-12-04 16:35:18 FTP上传纹理文件开始	
2017-12-04 16:35:18 FTP上传成功	
2017-12-04 16:35:18 开始请求地址(get):	http://h5.thd99.com:9999/farm/win.html?winNo=201711230519231000338270
2017-12-04 16:35:19 请求返回：	成功
2017-12-05 11:19:47 -------------start-------------	
2017-12-05 11:19:47 FTP上传设计文件开始	
2017-12-05 11:20:20 FTP上传纹理文件开始	
2017-12-05 11:20:20 FTP上传成功	
2017-12-05 11:20:20 开始请求地址(get):	http://h5.thd99.com:9999/farm/win.html?winNo=201712040519231000163649
2017-12-05 11:20:20 请求返回：	成功
2017-12-05 11:35:15 -------------start-------------	
2017-12-05 11:35:15 FTP上传设计文件开始	
2017-12-05 11:35:19 网络故障,等待续传：	[WinError 10054] 远程主机强迫关闭了一个现有的连接。
2017-12-05 11:36:20 -------------start-------------	
2017-12-05 11:36:20 FTP上传设计文件开始	
2017-12-05 11:52:04 -------------start-------------	
2017-12-05 11:52:04 FTP上传设计文件开始	
2017-12-05 11:52:19 网络故障,等待续传：	[WinError 10054] 远程主机强迫关闭了一个现有的连接。
2017-12-05 11:53:20 -------------start-------------	
2017-12-05 11:53:20 FTP上传设计文件开始	
2017-12-05 15:23:37 -------------start-------------	
2017-12-05 15:23:37 FTP上传设计文件开始	
2017-12-05 15:23:54 FTP上传纹理文件开始	
2017-12-05 15:23:54 FTP上传成功	
2017-12-05 15:23:54 开始请求地址(get):	http://h5.thd99.com:9999/farm/win.html?winNo=201711230519231000315421
2017-12-05 15:23:54 请求返回：	成功
2017-12-05 15:31:58 -------------start-------------	
2017-12-05 15:31:58 FTP上传设计文件开始	
2017-12-05 15:32:04 FTP上传纹理文件开始	
2017-12-05 15:32:05 FTP上传成功	
2017-12-05 15:32:05 开始请求地址(get):	http://h5.thd99.com:9999/farm/win.html?winNo=201712050519231000188950
2017-12-05 15:32:06 请求返回：	成功
2017-12-05 15:32:59 -------------start-------------	
2017-12-05 15:32:59 FTP上传设计文件开始	
2017-12-05 15:33:02 网络故障,等待续传：	[WinError 10054] 远程主机强迫关闭了一个现有的连接。
2017-12-05 15:34:04 -------------start-------------	
2017-12-05 15:34:04 FTP上传设计文件开始	
2017-12-05 15:34:29 -------------start-------------	
2017-12-05 15:34:29 FTP上传设计文件开始	
2017-12-05 15:34:32 网络故障,等待续传：	[WinError 10054] 远程主机强迫关闭了一个现有的连接。
2017-12-05 15:36:34 -------------start-------------	
2017-12-05 15:36:34 FTP上传设计文件开始	
2017-12-05 15:44:36 FTP上传纹理文件开始	
2017-12-05 15:44:37 FTP上传成功	
2017-12-05 15:44:37 开始请求地址(get):	http://h5.thd99.com:9999/farm/win.html?winNo=201712050519231000172778
2017-12-05 15:44:37 请求返回：	成功
2017-12-05 17:15:54 -------------start-------------	
2017-12-05 17:15:54 FTP上传设计文件开始	
2017-12-05 17:15:56 FTP上传纹理文件开始	
2017-12-05 17:15:56 FTP上传成功	
2017-12-05 17:15:56 开始请求地址(get):	http://h5.thd99.com:9999/farm/win.html?winNo=201712050519231000158927
2017-12-05 17:15:56 请求返回：	成功
2017-12-05 17:18:37 -------------start-------------	
2017-12-05 17:18:37 FTP上传设计文件开始	
2017-12-05 17:18:38 FTP上传纹理文件开始	
2017-12-05 17:18:38 FTP上传成功	
2017-12-05 17:18:38 开始请求地址(get):	http://h5.thd99.com:9999/farm/win.html?winNo=201712050519231000185841
2017-12-05 17:18:39 请求返回：	成功
2017-12-05 17:20:08 -------------start-------------	
2017-12-05 17:20:08 FTP上传设计文件开始	
2017-12-05 17:20:09 FTP上传纹理文件开始	
2017-12-05 17:20:09 FTP上传成功	
2017-12-05 17:20:09 开始请求地址(get):	http://h5.thd99.com:9999/farm/win.html?winNo=201712050519231000113682
2017-12-05 17:20:09 请求返回：	成功
2017-12-05 17:22:51 -------------start-------------	
2017-12-05 17:22:51 FTP上传设计文件开始	
2017-12-05 17:22:52 FTP上传纹理文件开始	
2017-12-05 17:22:52 FTP上传成功	
2017-12-05 17:22:52 开始请求地址(get):	http://h5.thd99.com:9999/farm/win.html?winNo=201712050519231000121217
2017-12-05 17:22:52 请求返回：	成功
2017-12-05 17:25:32 -------------start-------------	
2017-12-05 17:25:32 FTP上传设计文件开始	
2017-12-05 17:25:33 网络故障,等待续传：	[WinError 10054] 远程主机强迫关闭了一个现有的连接。
2017-12-05 17:26:34 -------------start-------------	
2017-12-05 17:26:34 FTP上传设计文件开始	
2017-12-05 17:26:35 FTP上传纹理文件开始	
2017-12-05 17:26:35 FTP上传成功	
2017-12-05 17:26:35 开始请求地址(get):	http://h5.thd99.com:9999/farm/win.html?winNo=201712050519231000194496
2017-12-05 17:26:36 请求返回：	成功
2017-12-05 18:01:11 -------------start-------------	
2017-12-05 18:01:11 FTP上传设计文件开始	
2017-12-05 18:01:13 FTP上传纹理文件开始	
2017-12-05 18:01:16 FTP上传失败：	[WinError 10051] 向一个无法连接的网络尝试了一个套接字操作。
2017-12-05 18:03:50 -------------start-------------	
2017-12-05 18:03:50 FTP上传设计文件开始	
2017-12-05 18:03:51 网络故障,等待续传：	[WinError 10054] 远程主机强迫关闭了一个现有的连接。
2017-12-05 18:04:52 -------------start-------------	
2017-12-05 18:04:52 FTP上传设计文件开始	
2017-12-05 18:04:54 FTP上传纹理文件开始	
2017-12-05 18:04:57 FTP上传成功	
2017-12-05 18:04:57 开始请求地址(get):	http://h5.thd99.com:9999/farm/win.html?winNo=201712050519231000118974
2017-12-05 18:04:57 请求返回：	成功
2017-12-06 09:56:23 -------------start-------------	
2017-12-06 09:56:23 FTP上传设计文件开始	
2017-12-06 09:56:30 FTP上传纹理文件开始	
2017-12-06 09:56:33 网络故障,等待续传：	[Errno 11004] getaddrinfo failed
2017-12-06 09:57:34 -------------start-------------	
2017-12-06 09:57:34 FTP上传设计文件开始	
2017-12-06 09:57:41 FTP上传纹理文件开始	
2017-12-06 09:57:45 FTP上传成功	
2017-12-06 09:57:45 开始请求地址(get):	http://h5.thd99.com:9999/farm/win.html?winNo=201712050519231000149773
2017-12-06 09:57:45 请求返回：	成功
2017-12-06 10:11:23 -------------start-------------	
2017-12-06 10:11:23 FTP上传设计文件开始	
2017-12-06 10:11:26 网络故障,等待续传：	[WinError 10054] 远程主机强迫关闭了一个现有的连接。
2017-12-06 10:37:35 -------------start-------------	
2017-12-06 10:37:35 FTP上传设计文件开始	
2017-12-06 10:37:37 FTP上传纹理文件开始	
2017-12-06 10:37:40 网络故障,等待续传：	[WinError 10051] 向一个无法连接的网络尝试了一个套接字操作。
2017-12-06 10:42:43 -------------start-------------	
2017-12-06 10:42:43 FTP上传设计文件开始	
2017-12-06 10:42:45 FTP上传纹理文件开始	
2017-12-06 10:42:48 网络故障,等待续传：	[WinError 10051] 向一个无法连接的网络尝试了一个套接字操作。
2017-12-06 10:43:49 -------------start-------------	
2017-12-06 10:43:49 FTP上传设计文件开始	
2017-12-06 10:43:51 FTP上传纹理文件开始	
2017-12-06 10:43:54 FTP上传成功	
2017-12-06 10:43:54 开始请求地址(get):	http://h5.thd99.com:9999/farm/win.html?winNo=201712050519231000141254
2017-12-06 10:43:54 请求返回：	成功
2017-12-06 11:17:41 -------------start-------------	
2017-12-06 11:17:41 FTP上传设计文件开始	
2017-12-06 11:17:44 网络故障,等待续传：	[WinError 10054] 远程主机强迫关闭了一个现有的连接。
2017-12-06 11:19:46 -------------start-------------	
2017-12-06 11:19:46 FTP上传设计文件开始	
2017-12-06 11:23:00 -------------start-------------	
2017-12-06 11:23:00 FTP上传设计文件开始	
2017-12-06 11:23:02 网络故障,等待续传：	[WinError 10054] 远程主机强迫关闭了一个现有的连接。
2017-12-06 11:24:03 -------------start-------------	
2017-12-06 11:24:03 FTP上传设计文件开始	
2017-12-06 11:25:04 -------------start-------------	
2017-12-06 11:25:04 FTP上传设计文件开始	
2017-12-06 11:25:07 网络故障,等待续传：	[WinError 10054] 远程主机强迫关闭了一个现有的连接。
2017-12-06 11:26:08 -------------start-------------	
2017-12-06 11:26:08 FTP上传设计文件开始	
2017-12-08 09:05:17 -------------start-------------	
2017-12-08 09:05:17 FTP上传设计文件开始	
2017-12-08 09:05:19 网络故障,等待续传：	[WinError 10054] 远程主机强迫关闭了一个现有的连接。
2017-12-08 09:06:20 -------------start-------------	
2017-12-08 09:06:20 FTP上传设计文件开始	
2017-12-08 09:30:20 FTP上传纹理文件开始	
2017-12-08 09:30:24 FTP上传成功	
2017-12-08 09:30:24 开始请求地址(get):	http://h5.thd99.com:9999/farm/win.html?winNo=201712080519231000115556
2017-12-08 09:30:24 请求返回：	成功
2017-12-08 09:33:19 -------------start-------------	
2017-12-08 09:33:19 FTP上传设计文件开始	
2017-12-08 09:33:20 FTP上传纹理文件开始	
2017-12-08 09:33:24 FTP上传成功	
2017-12-08 09:33:24 开始请求地址(get):	http://h5.thd99.com:9999/farm/win.html?winNo=201712080519231000171397
2017-12-08 09:33:25 请求返回：	成功
2017-12-08 09:34:10 -------------start-------------	
2017-12-08 09:34:10 FTP上传设计文件开始	
2017-12-08 09:34:11 网络故障,等待续传：	[WinError 10054] 远程主机强迫关闭了一个现有的连接。
2017-12-08 09:35:12 -------------start-------------	
2017-12-08 09:35:12 FTP上传设计文件开始	
2017-12-08 09:44:11 FTP上传纹理文件开始	
2017-12-08 09:44:15 FTP上传成功	
2017-12-08 09:44:15 开始请求地址(get):	http://h5.thd99.com:9999/farm/win.html?winNo=201712080519231000169507
2017-12-08 09:44:16 请求返回：	成功
2017-12-08 17:05:12 -------------start-------------	
2017-12-08 17:05:12 FTP上传设计文件开始	
2017-12-08 17:05:15 网络故障,等待续传：	[WinError 10054] 远程主机强迫关闭了一个现有的连接。
2017-12-11 11:10:01 -------------start-------------	
2017-12-11 11:10:01 FTP上传设计文件开始	
2017-12-11 11:10:02 FTP上传纹理文件开始	
2017-12-11 11:10:05 FTP上传成功	
2017-12-11 11:10:05 开始请求地址(get):	http://h5.thd99.com:9999/farm/win.html?winNo=201712080519231000353788
2017-12-11 11:10:05 请求返回：	成功
2017-12-11 11:39:56 -------------start-------------	
2017-12-11 11:39:56 FTP上传设计文件开始	
2017-12-11 11:58:59 -------------start-------------	
2017-12-11 11:58:59 FTP上传设计文件开始	
2017-12-11 11:59:15 FTP上传纹理文件开始	
2017-12-11 11:59:23 FTP上传成功	
2017-12-11 11:59:23 开始请求地址(get):	http://h5.thd99.com:9999/farm/win.html?winNo=201712080519231000582944
2017-12-11 11:59:23 请求返回：	成功
2017-12-11 13:55:31 -------------start-------------	
2017-12-11 13:55:31 FTP上传设计文件开始	
2017-12-11 13:55:34 网络故障,等待续传：	[WinError 10054] 远程主机强迫关闭了一个现有的连接。
2017-12-11 17:27:30 -------------start-------------	
2017-12-11 17:27:30 FTP上传设计文件开始	
2017-12-11 17:27:33 网络故障,等待续传：	[WinError 10054] 远程主机强迫关闭了一个现有的连接。
2017-12-11 17:53:52 -------------start-------------	
2017-12-11 17:53:52 FTP上传设计文件开始	
2017-12-12 11:21:46 -------------start-------------	
2017-12-12 11:21:46 FTP上传设计文件开始	
2017-12-12 11:21:49 FTP上传纹理文件开始	
2017-12-12 11:21:50 FTP上传成功	
2017-12-12 11:21:50 开始请求地址(get):	http://h5.thd99.com:9999/farm/win.html?winNo=2017101908712215730
2017-12-12 11:24:42 -------------start-------------	
2017-12-12 11:24:42 FTP上传设计文件开始	
2017-12-12 11:24:44 网络故障,等待续传：	[WinError 10054] 远程主机强迫关闭了一个现有的连接。
2017-12-12 11:25:45 -------------start-------------	
2017-12-12 11:25:45 FTP上传设计文件开始	
2017-12-12 11:25:49 FTP上传纹理文件开始	
2017-12-12 11:25:49 FTP上传成功	
2017-12-12 11:25:49 开始请求地址(get):	http://h5.thd99.com:9999/farm/win.html?winNo=2017101908712215730
2017-12-12 11:28:12 -------------start-------------	
2017-12-12 11:28:12 FTP上传设计文件开始	
2017-12-12 11:28:14 网络故障,等待续传：	[WinError 10054] 远程主机强迫关闭了一个现有的连接。
2017-12-12 11:29:16 -------------start-------------	
2017-12-12 11:29:16 FTP上传设计文件开始	
2017-12-12 11:29:32 FTP上传纹理文件开始	
2017-12-12 11:29:37 FTP上传成功	
2017-12-12 11:29:37 开始请求地址(get):	http://h5.thd99.com:9999/farm/win.html?winNo=2017101908712215730
2017-12-12 11:29:45 -------------start-------------	
2017-12-12 11:29:45 FTP上传设计文件开始	
2017-12-12 11:29:48 网络故障,等待续传：	[WinError 10054] 远程主机强迫关闭了一个现有的连接。
2017-12-12 11:30:50 -------------start-------------	
2017-12-12 11:30:50 FTP上传设计文件开始	
2017-12-12 11:31:06 FTP上传纹理文件开始	
2017-12-12 11:31:11 FTP上传成功	
2017-12-12 11:31:11 开始请求地址(get):	http://h5.thd99.com:9999/farm/win.html?winNo=2017101908712215730
2017-12-12 11:36:28 -------------start-------------	
2017-12-12 11:36:28 FTP上传设计文件开始	
2017-12-12 11:36:31 网络故障,等待续传：	[WinError 10054] 远程主机强迫关闭了一个现有的连接。
2017-12-12 11:37:33 -------------start-------------	
2017-12-12 11:37:33 FTP上传设计文件开始	
2017-12-12 11:37:48 FTP上传纹理文件开始	
2017-12-12 11:37:53 FTP上传成功	
2017-12-12 11:37:53 开始请求地址(get):	http://h5.thd99.com:9999/farm/win.html?winNo=2017101908712215730
2017-12-12 11:41:39 -------------start-------------	
2017-12-12 11:41:39 FTP上传设计文件开始	
2017-12-12 11:41:42 网络故障,等待续传：	[WinError 10054] 远程主机强迫关闭了一个现有的连接。
2017-12-12 11:42:13 -------------start-------------	
2017-12-12 11:42:13 FTP上传设计文件开始	
2017-12-12 11:42:28 FTP上传纹理文件开始	
2017-12-12 11:42:33 FTP上传成功	
2017-12-12 11:42:33 开始请求地址(get):	http://h5.thd99.com:9999/farm/win.html?winNo=2017101908712215730
2017-12-12 11:42:54 -------------start-------------	
2017-12-12 11:42:54 FTP上传设计文件开始	
2017-12-12 11:42:57 网络故障,等待续传：	[WinError 10054] 远程主机强迫关闭了一个现有的连接。
2017-12-12 11:43:27 -------------start-------------	
2017-12-12 11:43:27 FTP上传设计文件开始	
2017-12-12 11:43:43 FTP上传纹理文件开始	
2017-12-12 11:44:14 -------------start-------------	
2017-12-12 11:44:14 FTP上传设计文件开始	
2017-12-12 11:44:16 网络故障,等待续传：	[WinError 10054] 远程主机强迫关闭了一个现有的连接。
2017-12-12 11:45:18 -------------start-------------	
2017-12-12 11:45:18 FTP上传设计文件开始	
2017-12-12 11:45:34 FTP上传纹理文件开始	
2017-12-12 11:45:39 FTP上传成功	
2017-12-12 11:45:39 开始请求地址(get):	http://h5.thd99.com:9999/farm/win.html?winNo=2017101908712215730
2017-12-12 11:45:50 -------------start-------------	
2017-12-12 11:45:50 FTP上传设计文件开始	
2017-12-12 11:45:53 网络故障,等待续传：	[WinError 10054] 远程主机强迫关闭了一个现有的连接。
2017-12-12 11:47:25 -------------start-------------	
2017-12-12 11:47:25 FTP上传设计文件开始	
2017-12-12 11:47:40 FTP上传纹理文件开始	
2017-12-12 11:47:45 FTP上传成功	
2017-12-12 11:47:45 开始请求地址(get):	http://h5.thd99.com:9999/farm/win.html?winNo=2017101908712215730
2017-12-12 14:02:01 -------------start-------------	
2017-12-12 14:02:01 FTP上传设计文件开始	
2017-12-12 14:02:04 网络故障,等待续传：	[WinError 10054] 远程主机强迫关闭了一个现有的连接。
2017-12-12 14:04:07 -------------start-------------	
2017-12-12 14:04:07 FTP上传设计文件开始	
2017-12-12 14:04:22 FTP上传纹理文件开始	
2017-12-12 14:04:27 FTP上传成功	
2017-12-12 14:04:27 开始请求地址(get):	http://h5.thd99.com:9999/farm/win.html?winNo=2017101908712215730
2017-12-12 14:52:47 -------------start-------------	
2017-12-12 14:52:47 FTP上传设计文件开始	
2017-12-12 14:52:50 网络故障,等待续传：	[WinError 10054] 远程主机强迫关闭了一个现有的连接。
2017-12-12 14:53:51 -------------start-------------	
2017-12-12 14:53:51 FTP上传设计文件开始	
2017-12-12 15:03:03 FTP上传纹理文件开始	
2017-12-12 15:03:07 FTP上传成功	
2017-12-12 15:03:07 开始请求地址(get):	http://h5.thd99.com:9999/farm/win.html?winNo=2017101908712215730
2017-12-12 15:21:06 -------------start-------------	
2017-12-12 15:21:06 FTP上传设计文件开始	
2017-12-12 15:21:09 网络故障,等待续传：	[WinError 10054] 远程主机强迫关闭了一个现有的连接。
2017-12-12 15:22:11 -------------start-------------	
2017-12-12 15:22:11 FTP上传设计文件开始	
2017-12-12 15:22:27 FTP上传纹理文件开始	
2017-12-12 15:22:31 FTP上传成功	
2017-12-12 15:22:31 开始请求地址(get):	http://h5.thd99.com:9999/farm/win.html?winNo=2017101908712215730
2017-12-12 15:27:38 -------------start-------------	
2017-12-12 15:27:38 FTP上传设计文件开始	
2017-12-12 15:27:42 网络故障,等待续传：	[WinError 10054] 远程主机强迫关闭了一个现有的连接。
2017-12-12 15:29:14 -------------start-------------	
2017-12-12 15:29:14 FTP上传设计文件开始	
2017-12-12 15:42:33 -------------start-------------	
2017-12-12 15:42:33 FTP上传设计文件开始	
2017-12-12 15:42:38 网络故障,等待续传：	[WinError 10054] 远程主机强迫关闭了一个现有的连接。
2017-12-12 15:43:39 -------------start-------------	
2017-12-12 15:43:39 FTP上传设计文件开始	
2017-12-12 15:52:49 FTP上传纹理文件开始	
2017-12-12 15:52:54 FTP上传成功	
2017-12-12 15:52:54 开始请求地址(get):	http://h5.thd99.com:9999/farm/win.html?winNo=2017101908712215730
2017-12-12 16:06:51 -------------start-------------	
2017-12-12 16:06:52 FTP上传设计文件开始	
2017-12-12 16:07:07 FTP上传纹理文件开始	
2017-12-12 16:07:12 FTP上传成功	
2017-12-12 16:07:12 开始请求地址(get):	http://h5.thd99.com:9999/farm/win.html?winNo=2017101908712215730
2017-12-12 16:11:01 -------------start-------------	
2017-12-12 16:11:01 FTP上传设计文件开始	
2017-12-12 16:11:16 FTP上传纹理文件开始	
2017-12-12 16:11:21 FTP上传成功	
2017-12-12 16:11:21 开始请求地址(get):	http://h5.thd99.com:9999/farm/win.html?winNo=2017101908712215730
2017-12-12 16:53:15 -------------start-------------	
2017-12-12 16:53:15 FTP上传设计文件开始	
2017-12-12 16:53:30 FTP上传纹理文件开始	
2017-12-12 16:53:35 FTP上传成功	
2017-12-12 16:53:35 开始请求地址(get):	http://h5.thd99.com:9999/farm/win.html?winNo=2017101908712215730
2017-12-13 09:09:09 -------------start-------------	
2017-12-13 09:09:09 FTP上传设计文件开始	
2017-12-13 09:09:21 -------------start-------------	
2017-12-13 09:09:21 FTP上传设计文件开始	
2017-12-13 09:09:36 FTP上传纹理文件开始	
2017-12-13 09:09:41 FTP上传成功	
2017-12-13 09:09:41 开始请求地址(get):	http://h5.thd99.com:9999/farm/win.html?winNo=2017101908712215730
2017-12-13 09:10:19 -------------start-------------	
2017-12-13 09:10:19 FTP上传设计文件开始	
2017-12-13 09:10:21 网络故障,等待续传：	[WinError 10054] 远程主机强迫关闭了一个现有的连接。
2017-12-13 09:11:23 -------------start-------------	
2017-12-13 09:11:23 FTP上传设计文件开始	
2017-12-13 09:11:38 FTP上传纹理文件开始	
2017-12-13 09:11:43 FTP上传成功	
2017-12-13 09:11:43 开始请求地址(get):	http://h5.thd99.com:9999/farm/win.html?winNo=2017101908712215730
2017-12-13 09:46:23 -------------start-------------	
2017-12-13 09:46:23 FTP上传设计文件开始	
2017-12-13 09:46:27 网络故障,等待续传：	[WinError 10054] 远程主机强迫关闭了一个现有的连接。
2017-12-13 10:00:40 -------------start-------------	
2017-12-13 10:00:40 FTP上传设计文件开始	
2017-12-13 10:01:30 -------------start-------------	
2017-12-13 10:01:30 FTP上传设计文件开始	
2017-12-13 10:01:50 FTP上传纹理文件开始	
2017-12-13 10:01:54 FTP上传成功	
2017-12-13 10:01:54 开始请求地址(get):	http://h5.thd99.com:9999/farm/win.html?winNo=201712080519231000325048
2017-12-13 10:01:55 请求返回：	成功
2017-12-13 10:03:13 -------------start-------------	
2017-12-13 10:03:13 FTP上传设计文件开始	
2017-12-13 10:03:16 网络故障,等待续传：	[WinError 10054] 远程主机强迫关闭了一个现有的连接。
2017-12-13 10:04:18 -------------start-------------	
2017-12-13 10:04:18 FTP上传设计文件开始	
2017-12-13 10:04:35 FTP上传纹理文件开始	
2017-12-13 10:04:41 FTP上传成功	
2017-12-13 10:04:41 开始请求地址(get):	http://h5.thd99.com:9999/farm/win.html?winNo=201712080519231000364470
2017-12-13 10:04:41 请求返回：	成功
2017-12-13 11:36:26 -------------start-------------	
2017-12-13 11:36:26 FTP上传设计文件开始	
2017-12-13 11:36:28 FTP上传纹理文件开始	
2017-12-13 11:36:28 FTP上传成功	
2017-12-13 11:36:28 开始请求地址(get):	http://h5.thd99.com:9999/farm/win.html?winNo=2017101908712215730
2017-12-13 11:39:12 -------------start-------------	
2017-12-13 11:39:12 FTP上传设计文件开始	
2017-12-13 11:39:12 网络故障,等待续传：	[WinError 10051] 向一个无法连接的网络尝试了一个套接字操作。
2017-12-13 11:39:53 -------------start-------------	
2017-12-13 11:39:53 FTP上传设计文件开始	
2017-12-13 11:39:57 FTP上传纹理文件开始	
2017-12-13 11:39:57 FTP上传成功	
2017-12-13 11:39:57 开始请求地址(get):	http://h5.thd99.com:9999/farm/win.html?winNo=20171019087122157301
2017-12-13 11:40:12 -------------start-------------	
2017-12-13 11:40:12 FTP上传设计文件开始	
2017-12-13 11:40:12 网络故障,等待续传：	[WinError 10051] 向一个无法连接的网络尝试了一个套接字操作。
2017-12-13 11:40:43 -------------start-------------	
2017-12-13 11:40:43 FTP上传设计文件开始	
2017-12-13 11:40:46 网络故障,等待续传：	[WinError 10054] 远程主机强迫关闭了一个现有的连接。
2017-12-13 11:42:14 -------------start-------------	
2017-12-13 11:42:14 FTP上传设计文件开始	
2017-12-13 11:42:17 FTP上传纹理文件开始	
2017-12-13 11:42:17 FTP上传成功	
2017-12-13 11:42:17 开始请求地址(get):	http://h5.thd99.com:9999/farm/win.html?winNo=20171019087122157302
2017-12-13 11:55:09 -------------start-------------	
2017-12-13 11:55:09 FTP上传设计文件开始	
2017-12-13 11:55:12 FTP上传纹理文件开始	
2017-12-13 11:55:12 FTP上传成功	
2017-12-13 11:55:12 开始请求地址(get):	http://h5.thd99.com:9999/farm/win.html?winNo=20171019087122157304
2017-12-13 11:55:30 -------------start-------------	
2017-12-13 11:55:30 FTP上传设计文件开始	
2017-12-13 11:55:30 网络故障,等待续传：	[WinError 10051] 向一个无法连接的网络尝试了一个套接字操作。
2017-12-13 11:56:01 -------------start-------------	
2017-12-13 11:56:01 FTP上传设计文件开始	
2017-12-13 11:56:03 网络故障,等待续传：	[WinError 10054] 远程主机强迫关闭了一个现有的连接。
2017-12-13 11:57:01 -------------start-------------	
2017-12-13 11:57:02 FTP上传设计文件开始	
2017-12-13 11:57:05 网络故障,等待续传：	[WinError 10054] 远程主机强迫关闭了一个现有的连接。
2017-12-13 11:58:02 -------------start-------------	
2017-12-13 11:58:02 FTP上传设计文件开始	
2017-12-13 11:58:04 FTP上传纹理文件开始	
2017-12-13 11:58:04 FTP上传成功	
2017-12-13 11:58:04 开始请求地址(get):	http://h5.thd99.com:9999/farm/win.html?winNo=201710190871221571
2017-12-13 11:58:41 -------------start-------------	
2017-12-13 11:58:41 FTP上传设计文件开始	
2017-12-13 11:58:43 网络故障,等待续传：	[WinError 10054] 远程主机强迫关闭了一个现有的连接。
2017-12-13 11:59:14 -------------start-------------	
2017-12-13 11:59:14 FTP上传设计文件开始	
2017-12-13 11:59:17 FTP上传纹理文件开始	
2017-12-13 11:59:17 FTP上传成功	
2017-12-13 11:59:17 开始请求地址(get):	http://h5.thd99.com:9999/farm/win.html?winNo=2017101908712215
2017-12-13 12:00:25 -------------start-------------	
2017-12-13 12:00:25 FTP上传设计文件开始	
2017-12-13 12:00:27 网络故障,等待续传：	[WinError 10054] 远程主机强迫关闭了一个现有的连接。
2017-12-13 12:00:58 -------------start-------------	
2017-12-13 12:00:58 FTP上传设计文件开始	
2017-12-13 12:01:01 FTP上传纹理文件开始	
2017-12-13 12:01:02 FTP上传成功	
2017-12-13 12:01:02 开始请求地址(get):	http://h5.thd99.com:9999/farm/win.html?winNo=201710190871221
2017-12-13 12:01:11 -------------start-------------	
2017-12-13 12:01:11 FTP上传设计文件开始	
2017-12-13 12:01:21 -------------start-------------	
2017-12-13 12:01:21 FTP上传设计文件开始	
2017-12-13 12:01:24 FTP上传纹理文件开始	
2017-12-13 12:01:24 FTP上传成功	
2017-12-13 12:01:24 开始请求地址(get):	http://h5.thd99.com:9999/farm/win.html?winNo=20171019087221
2017-12-13 12:02:55 -------------start-------------	
2017-12-13 12:02:55 FTP上传设计文件开始	
2017-12-13 12:03:20 -------------start-------------	
2017-12-13 12:03:20 FTP上传设计文件开始	
2017-12-13 12:03:23 FTP上传纹理文件开始	
2017-12-13 12:03:23 FTP上传成功	
2017-12-13 12:03:23 开始请求地址(get):	http://h5.thd99.com:9999/farm/win.html?winNo=2017101908721
2017-12-13 13:47:33 -------------start-------------	
2017-12-13 13:47:33 FTP上传设计文件开始	
2017-12-13 13:47:36 FTP上传纹理文件开始	
2017-12-13 13:47:36 FTP上传成功	
2017-12-13 13:47:36 开始请求地址(get):	http://h5.thd99.com:9999/farm/win.html?winNo=2017101908721
2017-12-13 13:47:51 -------------start-------------	
2017-12-13 13:47:51 FTP上传设计文件开始	
2017-12-13 13:47:53 网络故障,等待续传：	[WinError 10054] 远程主机强迫关闭了一个现有的连接。
2017-12-13 13:48:24 -------------start-------------	
2017-12-13 13:48:24 FTP上传设计文件开始	
2017-12-13 13:48:26 FTP上传纹理文件开始	
2017-12-13 13:48:26 FTP上传成功	
2017-12-13 13:48:26 开始请求地址(get):	http://h5.thd99.com:9999/farm/win.html?winNo=2017101908721
2017-12-13 13:53:52 -------------start-------------	
2017-12-13 13:53:52 FTP上传设计文件开始	
2017-12-13 13:53:55 FTP上传纹理文件开始	
2017-12-13 13:53:55 FTP上传成功	
2017-12-13 13:53:55 开始请求地址(get):	http://h5.thd99.com:9999/farm/win.html?winNo=2017101908721
2017-12-13 14:46:56 -------------start-------------	
2017-12-13 14:46:56 FTP上传设计文件开始	
2017-12-13 14:47:02 -------------start-------------	
2017-12-13 14:47:02 FTP上传设计文件开始	
2017-12-13 14:47:06 FTP上传纹理文件开始	
2017-12-13 14:47:06 FTP上传成功	
2017-12-13 14:47:06 开始请求地址(get):	http://h5.thd99.com:9999/farm/win.html?winNo=201710190871
2017-12-13 14:47:36 -------------start-------------	
2017-12-13 14:47:36 FTP上传设计文件开始	
2017-12-13 14:47:39 FTP上传纹理文件开始	
2017-12-13 14:47:39 FTP上传成功	
2017-12-13 14:47:39 开始请求地址(get):	http://h5.thd99.com:9999/farm/win.html?winNo=201710190871
2017-12-13 14:48:33 -------------start-------------	
2017-12-13 14:48:33 FTP上传设计文件开始	
2017-12-13 14:48:39 -------------start-------------	
2017-12-13 14:48:39 FTP上传设计文件开始	
2017-12-13 14:48:45 -------------start-------------	
2017-12-13 14:48:45 FTP上传设计文件开始	
2017-12-13 14:48:59 -------------start-------------	
2017-12-13 14:48:59 FTP上传设计文件开始	
2017-12-13 14:49:02 FTP上传纹理文件开始	
2017-12-13 14:49:02 FTP上传成功	
2017-12-13 14:49:02 开始请求地址(get):	http://h5.thd99.com:9999/farm/win.html?winNo=20171010871
2017-12-13 14:52:16 -------------start-------------	
2017-12-13 14:52:16 FTP上传设计文件开始	
2017-12-13 14:52:30 -------------start-------------	
2017-12-13 14:52:30 FTP上传设计文件开始	
2017-12-13 14:52:35 -------------start-------------	
2017-12-13 14:52:35 FTP上传设计文件开始	
2017-12-13 14:52:49 -------------start-------------	
2017-12-13 14:52:49 FTP上传设计文件开始	
2017-12-13 14:52:54 -------------start-------------	
2017-12-13 14:52:54 FTP上传设计文件开始	
2017-12-13 14:53:12 -------------start-------------	
2017-12-13 14:53:12 FTP上传设计文件开始	
2017-12-13 14:53:23 FTP上传纹理文件开始	
2017-12-13 14:53:23 FTP上传成功	
2017-12-13 14:53:23 开始请求地址(get):	http://h5.thd99.com:9999/farm/win.html?winNo=20171010871
2017-12-13 16:51:27 -------------start-------------	
2017-12-13 16:51:27 FTP上传设计文件开始	
2017-12-13 16:51:30 FTP上传纹理文件开始	
2017-12-13 16:51:30 FTP上传成功	
2017-12-13 16:51:30 开始请求地址(get):	http://h5.thd99.com:9999/farm/win.html?winNo=201710108710
2017-12-13 16:51:54 -------------start-------------	
2017-12-13 16:51:54 FTP上传设计文件开始	
2017-12-13 16:52:08 -------------start-------------	
2017-12-13 16:52:08 FTP上传设计文件开始	
2017-12-13 16:52:10 网络故障,等待续传：	[WinError 10054] 远程主机强迫关闭了一个现有的连接。
2017-12-13 16:52:41 -------------start-------------	
2017-12-13 16:52:41 FTP上传设计文件开始	
2017-12-13 16:52:44 FTP上传纹理文件开始	
2017-12-13 16:52:45 FTP上传成功	
2017-12-13 16:52:45 开始请求地址(get):	http://h5.thd99.com:9999/farm/win.html?winNo=201710108710
2017-12-13 16:53:06 -------------start-------------	
2017-12-13 16:53:06 FTP上传设计文件开始	
2017-12-13 16:53:09 FTP上传纹理文件开始	
2017-12-13 16:53:10 FTP上传成功	
2017-12-13 16:53:10 开始请求地址(get):	http://h5.thd99.com:9999/farm/win.html?winNo=201710108710
2017-12-13 16:53:15 -------------start-------------	
2017-12-13 16:53:15 FTP上传设计文件开始	
2017-12-13 16:53:15 网络故障,等待续传：	[WinError 10051] 向一个无法连接的网络尝试了一个套接字操作。
2017-12-13 16:53:46 -------------start-------------	
2017-12-13 16:53:46 FTP上传设计文件开始	
2017-12-13 16:53:49 FTP上传纹理文件开始	
2017-12-13 16:53:49 FTP上传成功	
2017-12-13 16:53:49 开始请求地址(get):	http://h5.thd99.com:9999/farm/win.html?winNo=201710108710
2017-12-13 16:54:57 -------------start-------------	
2017-12-13 16:54:57 FTP上传设计文件开始	
2017-12-13 16:54:57 网络故障,等待续传：	[WinError 10051] 向一个无法连接的网络尝试了一个套接字操作。
2017-12-13 16:55:28 -------------start-------------	
2017-12-13 16:55:28 FTP上传设计文件开始	
2017-12-13 16:55:30 FTP上传纹理文件开始	
2017-12-13 16:55:30 FTP上传成功	
2017-12-13 16:55:30 开始请求地址(get):	http://h5.thd99.com:9999/farm/win.html?winNo=201710108710
2017-12-13 18:01:54 -------------start-------------	
2017-12-13 18:01:54 FTP上传设计文件开始	
2017-12-13 18:01:57 FTP上传纹理文件开始	
2017-12-13 18:01:57 FTP上传成功	
2017-12-13 18:01:57 开始请求地址(get):	http://h5.thd99.com:9999/farm/win.html?winNo=201710108710
2017-12-13 18:53:00 -------------start-------------	
2017-12-13 18:53:00 FTP上传设计文件开始	
2017-12-13 18:53:13 -------------start-------------	
2017-12-13 18:53:13 FTP上传设计文件开始	
2017-12-13 18:53:13 网络故障,等待续传：	[Errno 11004] getaddrinfo failed
2017-12-13 18:53:44 -------------start-------------	
2017-12-13 18:53:44 FTP上传设计文件开始	
2017-12-13 18:53:51 网络故障,等待续传：	[WinError 10054] 远程主机强迫关闭了一个现有的连接。
2017-12-13 18:54:45 -------------start-------------	
2017-12-13 18:54:45 FTP上传设计文件开始	
2017-12-13 18:54:53 网络故障,等待续传：	[WinError 10053] 您的主机中的软件中止了一个已建立的连接。
2017-12-13 18:55:45 -------------start-------------	
2017-12-13 18:55:45 FTP上传设计文件开始	
2017-12-13 18:58:29 -------------start-------------	
2017-12-13 18:58:29 FTP上传设计文件开始	
2017-12-13 18:58:29 网络故障,等待续传：	[Errno 11004] getaddrinfo failed
2017-12-13 18:58:35 -------------start-------------	
2017-12-13 18:58:35 FTP上传设计文件开始	
2017-12-13 18:58:35 网络故障,等待续传：	[Errno 11004] getaddrinfo failed
2017-12-13 18:58:54 -------------start-------------	
2017-12-13 18:58:54 FTP上传设计文件开始	
2017-12-13 18:58:54 网络故障,等待续传：	[Errno 11004] getaddrinfo failed
2017-12-13 18:59:03 -------------start-------------	
2017-12-13 18:59:03 FTP上传设计文件开始	
2017-12-13 18:59:05 网络故障,等待续传：	[WinError 10054] 远程主机强迫关闭了一个现有的连接。
2017-12-13 18:59:16 -------------start-------------	
2017-12-13 18:59:16 FTP上传设计文件开始	
2017-12-13 18:59:16 网络故障,等待续传：	[Errno 11004] getaddrinfo failed
2017-12-13 19:00:02 -------------start-------------	
2017-12-13 19:00:02 FTP上传设计文件开始	
2017-12-13 19:13:19 -------------start-------------	
2017-12-13 19:13:19 FTP上传设计文件开始	
2017-12-13 19:13:35 FTP上传纹理文件开始	
2017-12-13 19:13:39 FTP上传成功	
2017-12-13 19:13:39 开始请求地址(get):	http://h5.thd99.com:9999/farm/win.html?winNo=201710108710
2017-12-13 19:14:12 -------------start-------------	
2017-12-13 19:14:12 FTP上传设计文件开始	
2017-12-13 19:14:15 网络故障,等待续传：	[WinError 10054] 远程主机强迫关闭了一个现有的连接。
2017-12-13 19:15:16 -------------start-------------	
2017-12-13 19:15:16 FTP上传设计文件开始	
2017-12-13 19:15:31 FTP上传纹理文件开始	
2017-12-13 19:15:32 FTP上传成功	
2017-12-13 19:15:32 开始请求地址(get):	http://h5.thd99.com:9999/farm/win.html?winNo=201710108720
2017-12-13 19:16:54 -------------start-------------	
2017-12-13 19:16:54 FTP上传设计文件开始	
2017-12-13 19:16:57 网络故障,等待续传：	[WinError 10054] 远程主机强迫关闭了一个现有的连接。
2017-12-13 19:17:28 -------------start-------------	
2017-12-13 19:17:28 FTP上传设计文件开始	
2017-12-13 19:17:31 FTP上传纹理文件开始	
2017-12-13 19:17:31 FTP上传成功	
2017-12-13 19:17:31 开始请求地址(get):	http://h5.thd99.com:9999/farm/win.html?winNo=201710108720
2017-12-13 19:17:48 -------------start-------------	
2017-12-13 19:17:48 FTP上传设计文件开始	
2017-12-13 19:17:50 网络故障,等待续传：	[WinError 10054] 远程主机强迫关闭了一个现有的连接。
2017-12-13 19:18:21 -------------start-------------	
2017-12-13 19:18:21 FTP上传设计文件开始	
2017-12-13 19:18:24 网络故障,等待续传：	[WinError 10054] 远程主机强迫关闭了一个现有的连接。
2017-12-13 19:19:22 -------------start-------------	
2017-12-13 19:19:22 FTP上传设计文件开始	
2017-12-13 19:19:28 网络故障,等待续传：	[WinError 10054] 远程主机强迫关闭了一个现有的连接。
2017-12-13 19:20:22 -------------start-------------	
2017-12-13 19:20:22 FTP上传设计文件开始	
2017-12-13 19:26:55 -------------start-------------	
2017-12-13 19:26:55 FTP上传设计文件开始	
2017-12-13 19:26:57 网络故障,等待续传：	[WinError 10054] 远程主机强迫关闭了一个现有的连接。
2017-12-13 19:27:29 -------------start-------------	
2017-12-13 19:27:29 FTP上传设计文件开始	
2017-12-13 19:28:17 -------------start-------------	
2017-12-13 19:28:17 FTP上传设计文件开始	
2017-12-13 19:28:20 网络故障,等待续传：	[WinError 10054] 远程主机强迫关闭了一个现有的连接。
2017-12-13 19:29:52 -------------start-------------	
2017-12-13 19:29:52 FTP上传设计文件开始	
2017-12-13 19:30:04 FTP上传纹理文件开始	
2017-12-13 19:30:05 FTP上传成功	
2017-12-13 19:30:05 开始请求地址(get):	http://h5.thd99.com:9999/farm/win.html?winNo=201710108722
2017-12-13 19:30:23 -------------start-------------	
2017-12-13 19:30:23 FTP上传设计文件开始	
2017-12-13 19:30:38 FTP上传纹理文件开始	
2017-12-13 19:30:43 FTP上传成功	
2017-12-13 19:30:43 开始请求地址(get):	http://h5.thd99.com:9999/farm/win.html?winNo=201710108722
2017-12-13 19:31:20 -------------start-------------	
2017-12-13 19:31:20 FTP上传设计文件开始	
2017-12-13 19:31:22 网络故障,等待续传：	[WinError 10054] 远程主机强迫关闭了一个现有的连接。
2017-12-13 19:31:53 -------------start-------------	
2017-12-13 19:31:53 FTP上传设计文件开始	
2017-12-13 19:31:58 网络故障,等待续传：	[WinError 10054] 远程主机强迫关闭了一个现有的连接。
2017-12-13 19:32:54 -------------start-------------	
2017-12-13 19:32:54 FTP上传设计文件开始	
2017-12-18 15:08:01 -------------start-------------	
2017-12-18 15:08:01 FTP上传设计文件开始	
2017-12-18 15:08:18 FTP上传纹理文件开始	
2017-12-18 15:08:22 FTP上传成功	
2017-12-18 15:08:22 开始请求地址(get):	http://h5.thd99.com:9999/farm/win.html?winNo=201712140519231000469193
2017-12-18 15:08:23 请求返回：	成功
2017-12-18 15:10:53 -------------start-------------	
2017-12-18 15:10:53 FTP上传设计文件开始	
2017-12-18 15:11:08 FTP上传纹理文件开始	
2017-12-18 15:11:13 FTP上传成功	
2017-12-18 15:11:13 开始请求地址(get):	http://h5.thd99.com:9999/farm/win.html?winNo=201712140519231000418743
2017-12-18 15:11:13 请求返回：	成功
2017-12-18 16:24:18 -------------start-------------	
2017-12-18 16:24:18 FTP上传设计文件开始	
2017-12-18 16:24:35 FTP上传纹理文件开始	
2017-12-18 16:24:39 FTP上传成功	
2017-12-18 16:24:39 开始请求地址(get):	http://h5.thd99.com:9999/farm/win.html?winNo=201712140519231000467716
2017-12-18 16:24:39 请求返回：	成功
2017-12-18 19:25:35 -------------start-------------	
2017-12-18 19:25:35 FTP上传设计文件开始	
2017-12-18 19:25:51 FTP上传纹理文件开始	
2017-12-18 19:25:55 FTP上传成功	
2017-12-18 19:25:55 开始请求地址(get):	http://h5.thd99.com:9999/farm/win.html?winNo=201712140519231000430852
2017-12-18 19:25:56 请求返回：	成功
2017-12-18 19:27:34 -------------start-------------	
2017-12-18 19:27:34 FTP上传设计文件开始	
2017-12-18 19:27:50 FTP上传纹理文件开始	
2017-12-18 19:27:54 FTP上传成功	
2017-12-18 19:27:54 开始请求地址(get):	http://h5.thd99.com:9999/farm/win.html?winNo=201712180519231000114251
2017-12-18 19:27:55 请求返回：	成功
2017-12-19 14:07:23 -------------start-------------	
2017-12-19 14:07:23 FTP上传设计文件开始	
2017-12-19 14:07:40 FTP上传纹理文件开始	
2017-12-19 14:07:40 FTP上传成功	
2017-12-19 14:07:40 开始请求地址(get):	http://h5.thd99.com:9999/farm/win.html?winNo=201712080519231000352542
2017-12-19 14:07:40 请求返回：	成功
2017-12-19 14:55:44 -------------start-------------	
2017-12-19 14:55:44 FTP上传设计文件开始	
2017-12-19 14:55:51 FTP上传纹理文件开始	
2017-12-19 14:55:52 FTP上传成功	
2017-12-19 14:55:52 开始请求地址(get):	http://h5.thd99.com:9999/farm/win.html?winNo=201712080519231000370958
2017-12-19 14:55:52 请求返回：	成功
2017-12-19 17:15:27 -------------start-------------	
2017-12-19 17:15:27 FTP上传设计文件开始	
2017-12-19 17:15:35 FTP上传纹理文件开始	
2017-12-19 17:15:36 FTP上传成功	
2017-12-19 17:15:36 开始请求地址(get):	http://h5.thd99.com:9999/farm/win.html?winNo=201712180519231000137279
2017-12-19 17:15:36 请求返回：	成功
2017-12-20 10:28:12 -------------start-------------	
2017-12-20 10:28:12 FTP上传设计文件开始	
2017-12-20 10:31:37 -------------start-------------	
2017-12-20 10:31:37 FTP上传设计文件开始	
2017-12-20 11:32:50 -------------start-------------	
2017-12-20 11:32:50 FTP上传设计文件开始	
2017-12-20 11:32:58 FTP上传纹理文件开始	
2017-12-20 11:32:58 FTP上传成功	
2017-12-20 11:32:58 开始请求地址(get):	http://h5.thd99.com:9999/farm/win.html?winNo=201712180519231000119890
2017-12-20 11:32:59 请求返回：	成功
2017-12-20 11:51:37 -------------start-------------	
2017-12-20 11:51:37 FTP上传设计文件开始	
2017-12-20 11:51:40 网络故障,等待续传：	[WinError 10054] 远程主机强迫关闭了一个现有的连接。
2017-12-20 11:55:31 -------------start-------------	
2017-12-20 11:55:31 FTP上传设计文件开始	
2017-12-20 11:55:34 网络故障,等待续传：	[WinError 10054] 远程主机强迫关闭了一个现有的连接。
2017-12-20 11:58:44 -------------start-------------	
2017-12-20 11:58:44 FTP上传设计文件开始	
2017-12-20 11:58:46 网络故障,等待续传：	[WinError 10054] 远程主机强迫关闭了一个现有的连接。
2017-12-20 11:59:18 -------------start-------------	
2017-12-20 11:59:18 FTP上传设计文件开始	
2017-12-20 12:08:51 FTP上传纹理文件开始	
2017-12-20 12:08:52 FTP上传成功	
2017-12-20 12:08:52 开始请求地址(get):	http://h5.thd99.com:9999/farm/win.html?winNo=201712180519231000190079
2017-12-20 12:08:52 请求返回：	成功
2017-12-20 14:59:12 -------------start-------------	
2017-12-20 14:59:12 FTP上传设计文件开始	
2017-12-20 14:59:12 FTP上传失败：	ftpuploadess() takes 1 positional argument but 2 were given
2017-12-20 15:01:26 -------------start-------------	
2017-12-20 15:01:26 FTP上传设计文件开始	
2017-12-20 15:01:26 FTP上传失败：	ftpuploadess() takes 1 positional argument but 2 were given
2017-12-20 15:09:57 -------------start-------------	
2017-12-20 15:09:57 FTP上传设计文件开始	
2017-12-20 15:09:57 FTP上传失败：	ftpuploadess() takes 1 positional argument but 2 were given
2017-12-20 15:21:29 -------------start-------------	
2017-12-20 15:21:29 FTP上传设计文件开始	
2017-12-20 15:21:29 FTP上传失败：	ftpuploadess() takes 1 positional argument but 2 were given
2017-12-20 15:30:27 -------------start-------------	
2017-12-20 15:30:27 FTP上传设计文件开始	
2017-12-20 15:30:27 FTP上传失败：	ftpuploadess() takes 1 positional argument but 2 were given
2017-12-20 15:38:21 -------------start-------------	
2017-12-20 15:38:21 FTP上传设计文件开始	
2017-12-20 15:38:21 FTP上传失败：	ftpuploadess() takes 1 positional argument but 2 were given
2017-12-20 16:29:14 -------------start-------------	
2017-12-20 16:29:14 FTP上传设计文件开始	
2017-12-20 16:29:15 网络故障,等待续传：	[WinError 10054] 远程主机强迫关闭了一个现有的连接。
2017-12-20 16:36:12 -------------start-------------	
2017-12-20 16:36:12 FTP上传设计文件开始	
2017-12-20 16:36:14 网络故障,等待续传：	[WinError 10054] 远程主机强迫关闭了一个现有的连接。
2017-12-20 16:39:09 -------------start-------------	
2017-12-20 16:39:09 FTP上传设计文件开始	
2017-12-20 16:39:11 网络故障,等待续传：	[WinError 10054] 远程主机强迫关闭了一个现有的连接。
2017-12-20 16:40:13 -------------start-------------	
2017-12-20 16:40:13 FTP上传设计文件开始	
2017-12-20 16:49:17 FTP上传纹理文件开始	
2017-12-20 16:49:18 FTP上传成功	
2017-12-20 16:49:18 开始请求地址(get):	http://h5.thd99.com:9999/farm/win.html?winNo=201712180519231000180361
2017-12-20 16:49:19 请求返回：	成功
2017-12-20 17:22:18 -------------start-------------	
2017-12-20 17:22:18 FTP上传设计文件开始	
2017-12-20 17:22:20 网络故障,等待续传：	[WinError 10054] 远程主机强迫关闭了一个现有的连接。
2017-12-20 17:25:56 -------------start-------------	
2017-12-20 17:25:56 FTP上传设计文件开始	
2017-12-20 17:27:32 -------------start-------------	
2017-12-20 17:27:32 FTP上传设计文件开始	
2017-12-20 17:27:39 FTP上传纹理文件开始	
2017-12-20 17:27:40 FTP上传成功	
2017-12-20 17:27:40 开始请求地址(get):	http://h5.thd99.com:9999/farm/win.html?winNo=201712180519231000191824
2017-12-20 17:27:41 请求返回：	成功
2017-12-20 17:38:55 -------------start-------------	
2017-12-20 17:38:55 FTP上传设计文件开始	
2017-12-20 17:38:57 网络故障,等待续传：	[WinError 10054] 远程主机强迫关闭了一个现有的连接。
2017-12-20 17:45:36 -------------start-------------	
2017-12-20 17:45:36 FTP上传设计文件开始	
2017-12-20 17:59:54 -------------start-------------	
2017-12-20 17:59:54 FTP上传设计文件开始	
2017-12-20 17:59:57 网络故障,等待续传：	[WinError 10054] 远程主机强迫关闭了一个现有的连接。
2017-12-20 18:00:28 -------------start-------------	
2017-12-20 18:00:28 FTP上传设计文件开始	
2017-12-21 10:02:45 -------------start-------------	
2017-12-21 10:02:45 FTP上传设计文件开始	
2017-12-21 10:02:52 FTP上传纹理文件开始	
2017-12-21 10:02:53 FTP上传成功	
2017-12-21 10:02:53 开始请求地址(get):	http://h5.thd99.com:9999/farm/win.html?winNo=201712180519231000148021
2017-12-21 10:02:54 请求返回：	成功
2017-12-21 10:20:04 -------------start-------------	
2017-12-21 10:20:04 FTP上传设计文件开始	
2017-12-21 10:20:04 FTP上传失败：	[Errno 2] No such file or directory: 'D:\\test.ess'
2017-12-21 10:34:44 -------------start-------------	
2017-12-21 10:34:44 FTP上传设计文件开始	
2017-12-21 10:34:44 FTP上传失败：	[Errno 2] No such file or directory: 'D:\\test.ess'
2017-12-21 11:01:58 -------------start-------------	
2017-12-21 11:01:58 FTP上传设计文件开始	
2017-12-21 11:02:14 FTP上传纹理文件开始	
2017-12-21 11:02:15 FTP上传成功	
2017-12-21 11:02:15 开始请求地址(get):	http://h5.thd99.com:9999/farm/win.html?winNo=201712210519231000599368
2017-12-21 11:02:16 请求返回：	成功
2017-12-21 19:09:10 -------------start-------------	
2017-12-21 19:09:10 FTP上传设计文件开始	
2017-12-21 19:09:15 FTP上传纹理文件开始	
2017-12-21 19:09:16 FTP上传成功	
2017-12-21 19:09:16 开始请求地址(get):	http://h5.thd99.com:9999/farm/win.html?winNo=201712210519231000665606
2017-12-21 19:09:16 请求返回：	成功
2017-12-21 19:10:13 -------------start-------------	
2017-12-21 19:10:13 FTP上传设计文件开始	
2017-12-21 19:10:17 FTP上传纹理文件开始	
2017-12-21 19:10:17 FTP上传失败：	553 Could not create file.
2017-12-21 19:11:17 -------------start-------------	
2017-12-21 19:11:17 FTP上传设计文件开始	
2017-12-21 19:11:21 FTP上传纹理文件开始	
2017-12-21 19:11:22 FTP上传成功	
2017-12-21 19:11:22 开始请求地址(get):	http://h5.thd99.com:9999/farm/win.html?winNo=201712210519231000694069
2017-12-21 19:11:22 请求返回：	成功
2017-12-21 19:12:07 -------------start-------------	
2017-12-21 19:12:07 FTP上传设计文件开始	
2017-12-21 19:12:11 FTP上传纹理文件开始	
2017-12-21 19:12:11 FTP上传失败：	553 Could not create file.
2017-12-21 19:16:59 -------------start-------------	
2017-12-21 19:16:59 FTP上传设计文件开始	
2017-12-21 19:17:02 FTP上传纹理文件开始	
2017-12-21 19:17:04 FTP上传成功	
2017-12-21 19:17:04 开始请求地址(get):	http://h5.thd99.com:9999/farm/win.html?winNo=201712210519231003158063
2017-12-21 19:17:04 请求返回：	成功
2017-12-21 19:17:19 -------------start-------------	
2017-12-21 19:17:19 FTP上传设计文件开始	
2017-12-21 19:17:23 FTP上传纹理文件开始	
2017-12-21 19:17:23 FTP上传失败：	553 Could not create file.
2017-12-21 19:26:51 -------------start-------------	
2017-12-21 19:26:51 FTP上传设计文件开始	
2017-12-21 19:26:54 FTP上传纹理文件开始	
2017-12-21 19:26:56 FTP上传成功	
2017-12-21 19:26:56 开始请求地址(get):	http://h5.thd99.com:9999/farm/win.html?winNo=201712210519231003136832
2017-12-21 19:26:56 请求返回：	成功
2017-12-21 19:27:10 -------------start-------------	
2017-12-21 19:27:10 FTP上传设计文件开始	
2017-12-21 19:27:14 FTP上传纹理文件开始	
2017-12-21 19:27:15 FTP上传失败：	553 Could not create file.
2017-12-21 19:29:11 -------------start-------------	
2017-12-21 19:29:11 FTP上传设计文件开始	
2017-12-21 19:29:14 FTP上传纹理文件开始	
2017-12-21 19:29:15 FTP上传成功	
2017-12-21 19:29:15 开始请求地址(get):	http://h5.thd99.com:9999/farm/win.html?winNo=201712210519231003131061
2017-12-21 19:29:16 请求返回：	成功
2017-12-21 19:33:16 -------------start-------------	
2017-12-21 19:33:16 FTP上传设计文件开始	
2017-12-21 19:33:20 FTP上传纹理文件开始	
2017-12-21 19:33:20 FTP上传成功	
2017-12-21 19:33:20 开始请求地址(get):	http://h5.thd99.com:9999/farm/win.html?winNo=201712210519231003185467
2017-12-21 19:33:20 请求返回：	成功
2017-12-26 13:52:32 -------------start-------------	
2017-12-26 13:52:32 FTP上传设计文件开始	
2017-12-26 13:52:37 FTP上传纹理文件开始	
2017-12-26 13:52:37 FTP上传成功	
2017-12-26 13:52:37 开始请求地址(get):	http://h5.thd99.com:9999/farm/win.html?winNo=201712210519231004156868
2017-12-26 13:52:38 请求返回：	成功
2017-12-26 13:52:56 -------------start-------------	
2017-12-26 13:52:56 FTP上传设计文件开始	
2017-12-26 13:53:00 FTP上传纹理文件开始	
2017-12-26 13:53:01 FTP上传成功	
2017-12-26 13:53:01 开始请求地址(get):	http://h5.thd99.com:9999/farm/win.html?winNo=201712210519231004148304
2017-12-26 13:53:01 请求返回：	成功
2017-12-26 15:15:39 -------------start-------------	
2017-12-26 15:15:39 FTP上传设计文件开始	
2017-12-26 15:17:39 -------------start-------------	
2017-12-26 15:17:39 FTP上传设计文件开始	
2017-12-26 15:17:42 FTP上传纹理文件开始	
2017-12-26 15:17:43 FTP上传成功	
2017-12-26 15:17:43 开始请求地址(get):	http://h5.thd99.com:9999/farm/win.html?winNo=201712210519231004166178
2017-12-26 15:17:43 请求返回：	成功
2017-12-26 15:35:01 -------------start-------------	
2017-12-26 15:35:01 FTP上传设计文件开始	
2017-12-26 15:35:05 FTP上传纹理文件开始	
2017-12-26 15:58:24 -------------start-------------	
2017-12-26 15:58:24 FTP上传设计文件开始	
2017-12-26 15:58:27 FTP上传纹理文件开始	
2017-12-26 15:58:27 FTP上传成功	
2017-12-26 15:58:27 开始请求地址(get):	http://h5.thd99.com:9999/farm/win.html?winNo=201712210519231004171708
2017-12-26 15:58:28 请求返回：	成功
2017-12-26 17:02:20 -------------start-------------	
2017-12-26 17:02:20 FTP上传设计文件开始	
2017-12-26 17:02:24 FTP上传纹理文件开始	
2017-12-26 17:02:24 FTP上传成功	
2017-12-26 17:02:24 开始请求地址(get):	http://h5.thd99.com:9999/farm/win.html?winNo=201712210519231004113475
2017-12-26 17:02:24 请求返回：	成功
2017-12-26 17:17:55 -------------start-------------	
2017-12-26 17:17:55 FTP上传设计文件开始	
2017-12-26 17:17:59 FTP上传纹理文件开始	
2017-12-26 17:18:00 FTP上传成功	
2017-12-26 17:18:00 开始请求地址(get):	http://h5.thd99.com:9999/farm/win.html?winNo=201712210519231004122159
2017-12-26 17:18:00 请求返回：	成功
2017-12-26 17:26:32 -------------start-------------	
2017-12-26 17:26:32 FTP上传设计文件开始	
2017-12-26 17:26:35 FTP上传纹理文件开始	
2017-12-26 17:26:36 FTP上传成功	
2017-12-26 17:26:36 开始请求地址(get):	http://h5.thd99.com:9999/farm/win.html?winNo=201712210519231004157795
2017-12-26 17:26:36 请求返回：	成功
2017-12-26 17:48:44 -------------start-------------	
2017-12-26 17:48:44 FTP上传设计文件开始	
2017-12-26 17:48:48 FTP上传纹理文件开始	
2017-12-26 17:48:49 FTP上传成功	
2017-12-26 17:48:49 开始请求地址(get):	http://h5.thd99.com:9999/farm/win.html?winNo=201712210519231004144669
2017-12-26 17:48:49 请求返回：	成功
2017-12-26 18:04:18 -------------start-------------	
2017-12-26 18:04:18 FTP上传设计文件开始	
2017-12-26 18:04:22 FTP上传纹理文件开始	
2017-12-26 18:04:22 FTP上传成功	
2017-12-26 18:04:22 开始请求地址(get):	http://h5.thd99.com:9999/farm/win.html?winNo=201712260519231000244552
2017-12-26 18:04:23 请求返回：	成功
2017-12-26 18:04:37 -------------start-------------	
2017-12-26 18:04:37 FTP上传设计文件开始	
2017-12-26 18:04:41 FTP上传纹理文件开始	
2017-12-26 18:04:41 FTP上传成功	
2017-12-26 18:04:41 开始请求地址(get):	http://h5.thd99.com:9999/farm/win.html?winNo=201712260519231000223053
2017-12-26 18:04:41 请求返回：	成功
2017-12-27 08:46:05 -------------start-------------	
2017-12-27 08:46:05 FTP上传设计文件开始	
2017-12-27 08:46:10 FTP上传纹理文件开始	
2017-12-27 08:46:10 FTP上传成功	
2017-12-27 08:46:10 开始请求地址(get):	http://h5.thd99.com:9999/farm/win.html?winNo=201712260519231000258882
2017-12-27 08:46:11 请求返回：	成功
2017-12-27 15:16:56 -------------start-------------	
2017-12-27 15:16:56 FTP上传设计文件开始	
2017-12-27 15:17:00 FTP上传纹理文件开始	
2017-12-27 15:17:00 FTP上传成功	
2017-12-27 15:17:00 开始请求地址(get):	http://h5.thd99.com:9999/farm/win.html?winNo=201712260519231000248887
2017-12-27 15:17:00 请求返回：	成功
2017-12-27 15:30:14 -------------start-------------	
2017-12-27 15:30:14 FTP上传设计文件开始	
2017-12-27 15:30:18 FTP上传纹理文件开始	
2017-12-27 15:30:18 FTP上传成功	
2017-12-27 15:30:18 开始请求地址(get):	http://h5.thd99.com:9999/farm/win.html?winNo=201712260519231000272611
2017-12-27 15:30:18 请求返回：	成功
2017-12-27 15:54:25 -------------start-------------	
2017-12-27 15:54:25 FTP上传设计文件开始	
2017-12-27 15:54:29 FTP上传纹理文件开始	
2017-12-27 15:54:29 FTP上传成功	
2017-12-27 15:54:29 开始请求地址(get):	http://h5.thd99.com:9999/farm/win.html?winNo=201712260519231000261046
2017-12-27 15:54:30 请求返回：	成功
2018-01-04 19:12:37 -------------start-------------	
2018-01-04 19:12:37 FTP上传设计文件开始	
2018-01-04 19:12:41 FTP上传纹理文件开始	
2018-01-04 19:12:41 FTP上传成功	
2018-01-04 19:12:41 开始请求地址(get):	http://h5.thd99.com:9999/farm/win.html?winNo=201712260519231000277046
2018-01-04 19:12:43 请求返回：	成功
2018-01-04 19:13:06 -------------start-------------	
2018-01-04 19:13:06 FTP上传设计文件开始	
2018-01-04 19:13:24 -------------start-------------	
2018-01-04 19:13:24 FTP上传设计文件开始	
2018-01-04 19:13:27 FTP上传纹理文件开始	
2018-01-04 19:13:28 FTP上传成功	
2018-01-04 19:13:28 开始请求地址(get):	http://h5.thd99.com:9999/farm/win.html?winNo=201712260519231000221919
2018-01-04 19:13:28 请求返回：	成功
2018-01-05 14:36:54 -------------start-------------	
2018-01-05 14:36:54 FTP上传设计文件开始	
2018-01-05 14:36:58 FTP上传纹理文件开始	
2018-01-05 14:36:58 FTP上传成功	
2018-01-05 14:36:58 开始请求地址(get):	http://h5.thd99.com:9999/farm/win.html?winNo=201712260519231000287158
2018-01-05 14:36:59 请求返回：	成功
2018-01-08 10:15:44 -------------start-------------	
2018-01-08 10:15:44 FTP上传设计文件开始	
2018-01-08 10:15:49 FTP上传纹理文件开始	
2018-01-08 10:15:50 FTP上传成功	
2018-01-08 10:15:50 开始请求地址(get):	http://h5.thd99.com:9999/farm/win.html?winNo=201712210519231003724843
2018-01-08 10:15:50 请求返回：	成功
2018-01-08 14:22:45 -------------start-------------	
2018-01-08 14:22:45 FTP上传设计文件开始	
2018-01-08 14:22:46 FTP上传失败：	[WinError 10061] 由于目标计算机积极拒绝，无法连接。
2018-01-09 14:52:55 -------------start-------------	
2018-01-09 14:52:55 FTP上传设计文件开始	
2018-01-09 14:52:58 FTP上传纹理文件开始	
2018-01-09 14:52:58 FTP上传失败：	an integer is required (got type str)
2018-01-09 15:10:36 -------------start-------------	
2018-01-09 15:10:36 FTP上传设计文件开始	
2018-01-09 15:10:39 FTP上传纹理文件开始	
2018-01-09 15:10:39 FTP上传失败：	an integer is required (got type str)
2018-01-11 08:55:12 -------------start-------------	
2018-01-11 08:55:12 FTP上传设计文件开始	
2018-01-11 08:55:12 FTP上传失败：	file not exists
2018-01-11 09:00:54 -------------start-------------	
2018-01-11 09:00:54 FTP上传设计文件开始	
2018-01-11 09:00:54 FTP上传失败：	file not exists
2018-01-11 09:01:34 -------------start-------------	
2018-01-11 09:01:34 FTP上传设计文件开始	
2018-01-11 09:01:34 FTP上传失败：	file not exists
2018-01-11 09:54:33 -------------start-------------	
2018-01-11 09:54:33 FTP上传设计文件开始	
2018-01-11 09:54:34 FTP上传纹理文件开始	
2018-01-11 09:54:34 FTP上传成功	
2018-01-11 09:54:34 开始请求地址(get):	http://h5.thd99.com:9999/farm/win.html?winNo=201712210519231004050981
2018-01-11 09:54:34 请求返回：	成功
2018-01-11 09:54:47 -------------start-------------	
2018-01-11 09:54:47 FTP上传设计文件开始	
2018-01-11 09:54:47 FTP上传失败：	file not exists
2018-01-11 09:57:53 -------------start-------------	
2018-01-11 09:57:53 FTP上传设计文件开始	
2018-01-11 09:57:55 FTP上传纹理文件开始	
2018-01-11 09:57:57 FTP上传成功	
2018-01-11 09:57:57 开始请求地址(get):	http://h5.thd99.com:9999/farm/win.html?winNo=201712210519231003936155
2018-01-11 09:57:57 请求返回：	成功
2018-01-11 10:10:44 -------------start-------------	
2018-01-11 10:10:44 FTP上传设计文件开始	
2018-01-11 10:10:44 FTP上传失败：	file not exists
2018-01-11 11:06:06 -------------start-------------	
2018-01-11 11:06:06 FTP上传设计文件开始	
2018-01-11 11:06:06 FTP上传失败：	file not exists
2018-01-11 11:10:10 -------------start-------------	
2018-01-11 11:10:10 FTP上传设计文件开始	
2018-01-11 11:11:09 FTP上传纹理文件开始	
2018-01-11 15:27:00 -------------start-------------	
2018-01-11 15:27:00 FTP上传设计文件开始	
2018-01-11 15:27:19 FTP上传纹理文件开始	
2018-01-11 15:35:02 -------------start-------------	
2018-01-11 15:35:02 FTP上传设计文件开始	
2018-01-11 15:35:21 FTP上传纹理文件开始	
2018-01-11 15:36:09 FTP上传成功	
2018-01-11 15:36:09 开始请求地址(get):	http://h5.thd99.com:9999/farm/win.html?winNo=201712210519231003840317
2018-01-11 15:36:09 请求返回：	成功
2018-01-11 16:47:13 -------------start-------------	
2018-01-11 16:47:13 FTP上传设计文件开始	
2018-01-11 16:47:36 FTP上传纹理文件开始	
2018-01-11 16:47:37 FTP上传成功	
2018-01-11 16:47:37 开始请求地址(get):	http://h5.thd99.com:9999/farm/win.html?winNo=201801110519231003998317
2018-01-11 16:47:37 请求返回：	成功
2018-01-16 15:43:52 -------------start-------------	
2018-01-16 15:43:52 FTP上传设计文件开始	
2018-01-16 15:44:07 FTP上传纹理文件开始	
2018-01-16 15:45:10 FTP上传成功	
2018-01-16 15:45:10 开始请求地址(get):	http://h5.thd99.com:9999/farm/win.html?winNo=201801110519231002232289
2018-01-19 16:29:38 -------------start-------------	
2018-01-19 16:29:38 FTP上传设计文件开始	
2018-01-19 16:29:38 FTP上传失败：	ftpuploadess() takes 0 positional arguments but 1 was given
2018-01-19 17:23:46 -------------start-------------	
2018-01-19 17:23:46 FTP上传设计文件开始	
2018-01-19 17:23:46 FTP上传失败：	ftpuploadess() missing 1 required positional argument: 'dict'
2018-01-19 17:24:31 -------------start-------------	
2018-01-19 17:24:31 FTP上传设计文件开始	
2018-01-19 17:24:33 FTP上传纹理文件开始	
2018-01-19 17:24:39 FTP上传成功	
2018-01-19 17:24:39 开始请求地址(get):	http://h5.thd99.com:9999/farm/win.html?winNo=201801180519231000087705
2018-01-19 17:24:39 请求返回：	成功
2018-01-19 17:45:10 -------------start-------------	
2018-01-19 17:45:10 FTP上传设计文件开始	
2018-01-19 17:45:11 FTP上传纹理文件开始	
2018-01-19 17:45:12 FTP上传成功	
2018-01-19 17:45:12 开始请求地址(get):	http://h5.thd99.com:9999/farm/win.html?winNo=201801180519231000044691
2018-01-19 17:45:12 请求返回：	成功
2018-01-19 17:47:49 -------------start-------------	
2018-01-19 17:47:49 FTP上传设计文件开始	
2018-01-19 17:48:06 FTP上传纹理文件开始	
2018-01-19 17:48:44 FTP上传成功	
2018-01-19 17:48:44 开始请求地址(get):	http://h5.thd99.com:9999/farm/win.html?winNo=201801180519231000073864
2018-01-19 17:48:44 请求返回：	成功
2018-01-19 17:49:12 -------------start-------------	
2018-01-19 17:49:12 FTP上传设计文件开始	
2018-01-19 17:49:29 FTP上传纹理文件开始	
2018-01-19 17:49:29 FTP上传成功	
2018-01-19 17:49:29 开始请求地址(get):	http://h5.thd99.com:9999/farm/win.html?winNo=201801180519231000095757
2018-01-19 17:49:29 请求返回：	成功
2018-01-19 17:54:30 -------------start-------------	
2018-01-19 17:54:30 FTP上传设计文件开始	
2018-01-19 17:54:31 FTP上传失败：	file not exists
2018-01-19 17:54:55 -------------start-------------	
2018-01-19 17:54:55 FTP上传设计文件开始	
2018-01-19 17:55:10 FTP上传纹理文件开始	
2018-01-19 17:55:48 FTP上传成功	
2018-01-19 17:55:48 开始请求地址(get):	http://h5.thd99.com:9999/farm/win.html?winNo=201801180519231000087547
2018-01-19 17:55:48 请求返回：	成功
2018-01-19 17:58:49 -------------start-------------	
2018-01-19 17:58:49 FTP上传设计文件开始	
2018-01-19 17:58:53 FTP上传纹理文件开始	
2018-01-19 17:58:54 FTP上传成功	
2018-01-19 17:58:54 开始请求地址(get):	http://h5.thd99.com:9999/farm/win.html?winNo=201801180519231000050778
2018-01-19 17:58:54 请求返回：	成功
2018-01-19 17:59:19 -------------start-------------	
2018-01-19 17:59:19 FTP上传设计文件开始	
2018-01-19 17:59:24 FTP上传纹理文件开始	
2018-01-19 17:59:32 FTP上传成功	
2018-01-19 17:59:32 开始请求地址(get):	http://h5.thd99.com:9999/farm/win.html?winNo=201801180519231000070336
2018-01-19 17:59:32 请求返回：	成功
2018-01-22 14:10:15 -------------start-------------	
2018-01-22 14:10:15 FTP上传设计文件开始	
2018-01-22 14:10:15 FTP上传失败：	file not exists
2018-01-22 14:20:02 -------------start-------------	
2018-01-22 14:20:02 FTP上传设计文件开始	
2018-01-22 14:20:07 FTP上传失败：	float division by zero
2018-01-22 14:28:28 -------------start-------------	
2018-01-22 14:28:28 FTP上传设计文件开始	
2018-01-22 14:28:28 FTP上传失败：	file not exists
2018-01-22 14:28:59 -------------start-------------	
2018-01-22 14:28:59 FTP上传设计文件开始	
2018-01-22 14:29:00 FTP上传失败：	float division by zero
2018-01-22 14:30:45 -------------start-------------	
2018-01-22 14:30:45 FTP上传设计文件开始	
2018-01-22 14:30:49 FTP上传失败：	float division by zero
2018-01-22 14:35:10 -------------start-------------	
2018-01-22 14:35:10 FTP上传设计文件开始	
2018-01-22 14:35:10 FTP上传失败：	file not exists
2018-01-22 14:35:31 -------------start-------------	
2018-01-22 14:35:31 FTP上传设计文件开始	
2018-01-22 14:35:35 FTP上传失败：	name 'rate' is not defined
2018-01-22 14:40:26 -------------start-------------	
2018-01-22 14:40:26 FTP上传设计文件开始	
2018-01-22 14:40:26 FTP上传失败：	file not exists
2018-01-22 14:40:47 -------------start-------------	
2018-01-22 14:40:47 FTP上传设计文件开始	
2018-01-22 14:41:37 FTP上传纹理文件开始	
2018-01-22 14:42:00 FTP上传成功	
2018-01-22 14:42:00 开始请求地址(get):	http://h5.thd99.com:9999/farm/win.html?winNo=201801220519231000129520
2018-01-22 14:42:00 请求返回：	成功
2018-01-22 14:43:11 -------------start-------------	
2018-01-22 14:43:11 FTP上传设计文件开始	
2018-01-22 14:43:11 FTP上传失败：	file not exists
2018-01-22 14:43:30 -------------start-------------	
2018-01-22 14:43:30 FTP上传设计文件开始	
2018-01-22 14:44:18 FTP上传纹理文件开始	
2018-01-22 14:44:18 FTP上传成功	
2018-01-22 14:44:18 开始请求地址(get):	http://h5.thd99.com:9999/farm/win.html?winNo=201801220519231000165837
2018-01-22 14:44:18 请求返回：	成功
2018-01-22 17:49:14 -------------start-------------	
2018-01-22 17:49:14 FTP上传设计文件开始	
2018-01-22 17:49:14 FTP上传失败：	file not exists
2018-01-22 17:49:35 -------------start-------------	
2018-01-22 17:49:35 FTP上传设计文件开始	
2018-01-22 17:49:41 FTP上传纹理文件开始	
2018-01-22 17:49:45 FTP上传成功	
2018-01-22 17:49:45 开始请求地址(get):	http://h5.thd99.com:9999/farm/win.html?winNo=201801220519231000185755
2018-01-22 17:49:46 请求返回：	成功
2018-01-22 19:02:41 -------------start-------------	
2018-01-22 19:02:41 FTP上传设计文件和文理文件开始	
2018-01-22 19:03:09 FTP上传成功	
2018-01-22 19:03:09 开始请求地址(get):	http://h5.thd99.com:9999/farm/win.html?winNo=201801220519231000125336
2018-01-22 19:03:09 请求返回：	成功
2018-01-22 19:05:49 -------------start-------------	
2018-01-22 19:05:49 FTP上传设计文件和文理文件开始	
2018-01-22 19:05:50 FTP上传成功	
2018-01-22 19:05:50 开始请求地址(get):	http://h5.thd99.com:9999/farm/win.html?winNo=201801220519231000149614
2018-01-22 19:05:51 请求返回：	成功
2018-01-22 19:14:41 -------------start-------------	
2018-01-22 19:14:41 FTP上传设计文件和文理文件开始	
2018-01-22 19:14:42 FTP上传成功	
2018-01-22 19:14:42 开始请求地址(get):	http://h5.thd99.com:9999/farm/win.html?winNo=201801220519231000143693
2018-01-22 19:14:42 请求返回：	成功
2018-01-22 19:15:42 -------------start-------------	
2018-01-22 19:15:42 FTP上传设计文件和文理文件开始	
2018-01-22 19:15:43 FTP上传成功	
2018-01-22 19:15:43 开始请求地址(get):	http://h5.thd99.com:9999/farm/win.html?winNo=201801220519231000118190
2018-01-22 19:15:43 请求返回：	成功
2018-01-22 19:16:45 -------------start-------------	
2018-01-22 19:16:45 FTP上传设计文件和文理文件开始	
2018-01-22 19:16:49 FTP上传成功	
2018-01-22 19:16:49 开始请求地址(get):	http://h5.thd99.com:9999/farm/win.html?winNo=201801220519231000177533
2018-01-22 19:16:50 请求返回：	成功
2018-01-22 19:20:48 -------------start-------------	
2018-01-22 19:20:48 FTP上传设计文件和文理文件开始	
2018-01-22 19:20:49 FTP上传成功	
2018-01-22 19:20:49 开始请求地址(get):	http://h5.thd99.com:9999/farm/win.html?winNo=201801220519231000189106
2018-01-22 19:20:49 请求返回：	成功
2018-01-22 19:21:46 -------------start-------------	
2018-01-22 19:21:46 FTP上传设计文件和文理文件开始	
2018-01-22 19:21:47 FTP上传成功	
2018-01-22 19:21:47 开始请求地址(get):	http://h5.thd99.com:9999/farm/win.html?winNo=201801220519231000197391
2018-01-22 19:21:48 请求返回：	成功
2018-01-22 19:24:04 -------------start-------------	
2018-01-22 19:24:04 FTP上传设计文件和文理文件开始	
2018-01-22 19:24:05 FTP上传成功	
2018-01-22 19:24:05 开始请求地址(get):	http://h5.thd99.com:9999/farm/win.html?winNo=201801220519231000120205
2018-01-22 19:24:05 请求返回：	成功
2018-01-22 19:26:58 -------------start-------------	
2018-01-22 19:26:58 FTP上传设计文件和文理文件开始	
2018-01-22 19:26:59 FTP上传成功	
2018-01-22 19:26:59 开始请求地址(get):	http://h5.thd99.com:9999/farm/win.html?winNo=201801220519231000153324
2018-01-22 19:26:59 请求返回：	成功
2018-01-22 19:34:27 -------------start-------------	
2018-01-22 19:34:27 FTP上传设计文件和文理文件开始	
2018-01-22 19:34:28 FTP上传成功	
2018-01-22 19:34:28 开始请求地址(get):	http://h5.thd99.com:9999/farm/win.html?winNo=201801220519231000197003
2018-01-22 19:34:29 请求返回：	成功
2018-01-22 19:39:19 -------------start-------------	
2018-01-22 19:39:19 FTP上传设计文件和文理文件开始	
2018-01-22 19:39:20 FTP上传成功	
2018-01-22 19:39:20 开始请求地址(get):	http://h5.thd99.com:9999/farm/win.html?winNo=201801220519231000120733
2018-01-22 19:39:20 请求返回：	成功
2018-01-23 10:44:44 -------------start-------------	
2018-01-23 10:44:44 FTP上传设计文件和文理文件开始	
2018-01-23 10:44:48 FTP上传成功	
2018-01-23 10:44:48 开始请求地址(get):	http://h5.thd99.com:9999/farm/win.html?winNo=201801080519231000826847
2018-01-23 10:44:48 请求返回：	成功
2018-01-23 10:49:13 -------------start-------------	
2018-01-23 10:49:13 FTP上传设计文件和文理文件开始	
2018-01-23 10:49:13 FTP上传失败：	file not exists
2018-01-23 10:49:39 -------------start-------------	
2018-01-23 10:49:39 FTP上传设计文件和文理文件开始	
2018-01-23 10:49:44 FTP上传成功	
2018-01-23 10:49:44 开始请求地址(get):	http://h5.thd99.com:9999/farm/win.html?winNo=201801080519231000825238
2018-01-23 10:49:44 请求返回：	成功
2018-01-23 10:50:12 -------------start-------------	
2018-01-23 10:50:12 FTP上传设计文件和文理文件开始	
2018-01-23 10:50:12 FTP上传失败：	file not exists
2018-01-23 10:50:45 -------------start-------------	
2018-01-23 10:50:45 FTP上传设计文件和文理文件开始	
2018-01-23 10:50:51 FTP上传失败：	553 Could not create file.
2018-01-23 10:53:11 -------------start-------------	
2018-01-23 10:53:11 FTP上传设计文件和文理文件开始	
2018-01-23 10:53:33 FTP上传成功	
2018-01-23 10:53:33 开始请求地址(get):	http://h5.thd99.com:9999/farm/win.html?winNo=201801090519231001742957
2018-01-23 10:53:33 请求返回：	成功
