2017-11-09 09:44:32 --------start--------	
2017-11-09 09:44:32 FTP上传开始	
2017-11-09 09:44:32 FTP上传成功	
2017-11-09 09:44:32 开始请求地址(get):	http://h5.thd99.com:9999/unit/back.html?unit_no=
2017-11-09 09:45:26 --------start--------	
2017-11-09 09:45:26 FTP上传开始	
2017-11-09 09:45:26 FTP上传成功	
2017-11-09 09:45:26 开始请求地址(get):	http://h5.thd99.com:9999/unit/back.html?unit_no=
2017-11-09 09:46:51 --------start--------	
2017-11-09 09:46:51 FTP上传开始	
2017-11-09 09:46:51 FTP上传成功	
2017-11-09 09:46:51 开始请求地址(get):	http://h5.thd99.com:9999/unit/back.html?unit_no=
2017-11-09 09:48:01 --------start--------	
2017-11-09 09:48:01 FTP上传开始	
2017-11-09 09:48:02 FTP上传成功	
2017-11-09 09:48:02 开始请求地址(get):	http://h5.thd99.com:9999/unit/back.html?unit_no=
2017-11-09 09:48:02 --------start--------	
2017-11-09 09:48:02 FTP上传开始	
2017-11-09 09:48:03 FTP上传成功	
2017-11-09 09:48:03 开始请求地址(get):	http://h5.thd99.com:9999/unit/back.html?unit_no=
2017-11-09 09:48:06 --------start--------	
2017-11-09 09:48:06 FTP上传开始	
2017-11-09 09:48:07 FTP上传成功	
2017-11-09 09:48:07 开始请求地址(get):	http://h5.thd99.com:9999/unit/back.html?unit_no=
2017-11-09 09:48:29 --------start--------	
2017-11-09 09:48:29 FTP上传开始	
2017-11-09 09:48:29 FTP上传成功	
2017-11-09 09:48:29 开始请求地址(get):	http://h5.thd99.com:9999/unit/back.html?unit_no=
2017-11-09 09:48:44 --------start--------	
2017-11-09 09:48:44 FTP上传开始	
2017-11-09 09:48:44 FTP上传成功	
2017-11-09 09:48:44 开始请求地址(get):	http://h5.thd99.com:9999/unit/back.html?unit_no=
2017-11-09 09:49:07 --------start--------	
2017-11-09 09:49:07 FTP上传开始	
2017-11-09 09:49:08 FTP上传成功	
2017-11-09 09:49:08 开始请求地址(get):	http://h5.thd99.com:9999/unit/back.html?unit_no=
2017-11-09 09:49:16 --------start--------	
2017-11-09 09:49:16 FTP上传开始	
2017-11-09 09:49:16 FTP上传成功	
2017-11-09 09:49:16 开始请求地址(get):	http://h5.thd99.com:9999/unit/back.html?unit_no=
2017-11-09 09:50:50 --------start--------	
2017-11-09 09:50:50 FTP上传开始	
2017-11-09 09:50:51 FTP上传成功	
2017-11-09 09:50:51 开始请求地址(get):	http://h5.thd99.com:9999/unit/back.html?unit_no=
2017-11-09 10:00:34 --------start--------	
2017-11-09 10:00:34 FTP上传开始	
2017-11-09 10:00:34 FTP上传成功	
2017-11-09 10:00:34 开始请求地址(get):	http://h5.thd99.com:9999/unit/back.html?unit_no=
2017-11-09 11:00:16 --------start--------	
2017-11-09 11:00:16 FTP上传开始	
2017-11-09 11:00:16 FTP上传失败：	550 Create directory operation failed.
2017-11-09 11:00:33 --------start--------	
2017-11-09 11:00:33 FTP上传开始	
2017-11-09 11:00:33 FTP上传失败：	550 Create directory operation failed.
2017-11-09 11:00:35 --------start--------	
2017-11-09 11:00:35 FTP上传开始	
2017-11-09 11:00:36 FTP上传失败：	550 Create directory operation failed.
2017-11-09 11:00:57 --------start--------	
2017-11-09 11:00:57 FTP上传开始	
2017-11-09 11:00:57 FTP上传失败：	550 Create directory operation failed.
2017-11-09 11:02:28 --------start--------	
2017-11-09 11:02:28 FTP上传开始	
2017-11-09 11:02:28 FTP上传失败：	550 Create directory operation failed.
2017-11-09 11:06:20 --------start--------	
2017-11-09 11:06:20 FTP上传开始	
2017-11-09 11:06:20 FTP上传失败：	550 Create directory operation failed.
2017-11-09 11:08:37 --------start--------	
2017-11-09 11:08:37 FTP上传开始	
2017-11-09 11:08:37 FTP上传失败：	550 Create directory operation failed.
2017-11-09 11:09:42 --------start--------	
2017-11-09 11:09:42 FTP上传开始	
2017-11-09 11:09:42 FTP上传失败：	550 Create directory operation failed.
2017-11-09 11:17:22 --------start--------	
2017-11-09 11:17:22 FTP上传开始	
2017-11-09 11:17:23 FTP上传失败：	550 Create directory operation failed.
2017-11-09 11:43:08 --------start--------	
2017-11-09 11:43:08 FTP上传开始	
2017-11-09 11:43:08 FTP上传成功	
2017-11-09 11:43:08 开始请求地址(get):	http://h5.thd99.com:9999/unit/back.html?unit_no=2017010305192210040
2017-11-09 11:43:08 请求返回：	失败
2017-11-09 14:50:31 --------start--------	
2017-11-09 14:50:31 FTP上传开始	
2017-11-09 14:50:31 FTP上传成功	
2017-11-09 14:50:31 开始请求地址(get):	http://h5.thd99.com:9999/unit/back.html?unit_no=2017010305192210027
2017-11-09 14:50:32 请求返回：	成功
2017-11-13 11:47:53 --------start--------	
2017-11-13 11:47:53 FTP上传设计文件开始	
2017-11-13 11:47:53 FTP上传纹理文件开始	
2017-11-13 11:47:54 FTP上传成功	
2017-11-13 11:47:54 开始请求地址(get):	http://h5.thd99.com:9999/unit/back.html?unit_no=201711090519231001998267
2017-11-13 11:47:54 请求返回：	失败
2017-11-13 11:59:35 --------start--------	
2017-11-13 11:59:35 FTP上传设计文件开始	
2017-11-13 11:59:36 FTP上传纹理文件开始	
2017-11-13 11:59:36 FTP上传成功	
2017-11-13 11:59:36 开始请求地址(get):	http://h5.thd99.com:9999/farm/win.html?winNo=201711090519231001937258
2017-11-13 11:59:37 请求返回：	成功
2017-11-21 13:42:12 test	456
2017-11-21 15:10:50 test	456
2017-11-21 15:29:45 请求返回：	失败
2017-11-21 15:44:38 test	456
2017-11-21 15:44:43 test	456
2017-11-21 16:00:43 test	456
2017-11-21 16:00:44 test	456
2017-11-21 16:02:04 test	456
2017-11-21 16:02:16 test	456
2017-11-21 16:20:21 -------------start-------------	
2017-11-21 16:20:21 FTP上传开始	
2017-11-21 16:20:21 FTP上传成功	
2017-11-21 16:20:21 开始请求地址(get):	http://h5.thd99.com:9999/unit/back.html?unit_no=2017010305192210037
2017-11-21 16:20:22 请求返回：	成功
2017-12-06 14:09:06 -------------start-------------	
2017-12-06 14:09:06 FTP上传开始	
2017-12-06 14:09:06 FTP上传成功	
2017-12-06 14:09:06 开始请求地址(get):	http://h5.thd99.com:9999/unit/back.html?unit_no=2017010305192210030
2017-12-06 14:09:07 请求返回：	成功
2017-12-06 14:09:48 -------------start-------------	
2017-12-06 14:09:48 FTP上传开始	
2017-12-06 14:09:49 FTP上传成功	
2017-12-06 14:09:49 开始请求地址(get):	http://h5.thd99.com:9999/unit/back.html?unit_no=2017010305192210029
2017-12-06 14:09:49 请求返回：	成功
2017-12-21 10:44:20 -------------start-------------	
2017-12-21 10:44:20 FTP上传开始	
2017-12-21 10:44:20 FTP上传成功	
2017-12-21 10:44:20 开始请求地址(get):	http://h5.thd99.com:9999/unit/back.html?unit_no=20161212051910018
2017-12-21 10:44:20 请求返回：	成功
2017-12-26 17:49:19 -------------start-------------	
2017-12-26 17:49:19 FTP上传开始	
2017-12-26 17:49:19 FTP上传成功	
2017-12-26 17:49:19 开始请求地址(get):	http://h5.thd99.com:9999/unit/back.html?unit_no=20161213051910005
2017-12-26 17:49:20 请求返回：	成功
2017-12-27 08:45:24 -------------start-------------	
2017-12-27 08:45:24 FTP上传开始	
2017-12-27 08:45:24 FTP上传成功	
2017-12-27 08:45:24 开始请求地址(get):	http://h5.thd99.com:9999/unit/back.html?unit_no=20161212051910009
2017-12-27 08:45:25 请求返回：	成功
2018-01-30 14:10:57 -------------start-------------	
2018-01-30 14:10:57 FTP上传开始	
2018-01-30 14:10:57 FTP上传失败：	file not exists
2018-01-30 14:11:58 -------------start-------------	
2018-01-30 14:11:58 FTP上传开始	
2018-01-30 14:11:59 FTP上传失败：	file not exists
2018-01-30 14:13:40 -------------start-------------	
2018-01-30 14:13:40 FTP上传开始	
2018-01-30 14:13:40 FTP上传失败：	file not exists
2018-01-30 14:15:46 -------------start-------------	
2018-01-30 14:15:46 FTP上传开始	
2018-01-30 14:15:46 FTP上传失败：	file not exists
2018-01-30 14:17:32 -------------start-------------	
2018-01-30 14:17:32 FTP上传开始	
2018-01-30 14:17:32 FTP上传失败：	file not exists
